============================= test session starts ==============================
platform linux -- Python 3.12.3, pytest-8.4.2, pluggy-1.6.0
rootdir: /home/brunogandolfo/cfo-inteligente/backend
configfile: pytest.ini
plugins: asyncio-1.2.0, timeout-2.4.0, cov-7.0.0, mock-3.15.1, anyio-4.10.0
asyncio: mode=Mode.STRICT, debug=False, asyncio_default_fixture_loop_scope=None, asyncio_default_test_loop_scope=function
collected 560 items

tests/test_ai_components.py .........FF                                  [  1%]
tests/test_ai_orchestrator.py ...........................                [  6%]
tests/test_auth_endpoints.py .....FFFFFF..FFFFFFF                        [ 10%]
tests/test_calculators.py ...............                                [ 13%]
tests/test_charts.py ...............                                     [ 15%]
tests/test_claude_sql_generator.py FF.F..FFFFFFF.......FF.F......        [ 21%]
tests/test_conversacion_service.py ......................                [ 25%]
tests/test_date_resolver.py ..........                                   [ 26%]
tests/test_e2e.py EEEEEEEEEEEEEEEEEEEEEEEEEEEEEEEEEEEEEEEEEEEEEEEEEExxxx [ 36%]
xxxXXXxEEE.                                                              [ 38%]
tests/test_formatters.py ..................                              [ 41%]
tests/test_integration.py F.FFFFFFFFFFFFFFF..FFFF.FFFFF..FFFF            [ 47%]
tests/test_integration_real.py F..FFEEEEE...EE.EE                        [ 51%]
tests/test_metrics_aggregator.py FFFFF                                   [ 51%]
tests/test_monthly_aggregator.py ....FFF                                 [ 53%]
tests/test_operacion_service.py ......EEEEEEEFFFFEEEEE..E....EF.         [ 58%]
tests/test_query_fallback.py .........................                   [ 63%]
tests/test_security.py ..............F...                                [ 66%]
tests/test_sql_post_processor.py .............................           [ 71%]
tests/test_sql_router.py .............................F......            [ 78%]
tests/test_stats_calculator.py ..........                                [ 80%]
tests/test_tipo_cambio_service.py ......................                 [ 83%]
tests/test_validador_sql.py ............................................ [ 91%]
...................................                                      [ 98%]
tests/test_validators.py ...........                                     [100%]

==================================== ERRORS ====================================
_ ERROR at setup of test_pregunta_real_e2e[\xbfCu\xe1nto facturamos este mes?] _

    @pytest.fixture
    def mock_claude_apis():
        """Mock de ambos usos de Claude (SQL + Narrativa)"""
        with patch('app.services.claude_sql_generator.ClaudeSQLGenerator.generar_sql') as mock_sql:
>           with patch('app.api.cfo_ai.client') as mock_narrativa:

tests/test_e2e.py:39: 
_ _ _ _ _ _ _ _ _ _ _ _ _ _ _ _ _ _ _ _ _ _ _ _ _ _ _ _ _ _ _ _ _ _ _ _ _ _ _ _ 
/usr/lib/python3.12/unittest/mock.py:1458: in __enter__
    original, local = self.get_original()
                      ^^^^^^^^^^^^^^^^^^^
_ _ _ _ _ _ _ _ _ _ _ _ _ _ _ _ _ _ _ _ _ _ _ _ _ _ _ _ _ _ _ _ _ _ _ _ _ _ _ _ 

self = <unittest.mock._patch object at 0x7fafb05ae030>

    def get_original(self):
        target = self.getter()
        name = self.attribute
    
        original = DEFAULT
        local = False
    
        try:
            original = target.__dict__[name]
        except (AttributeError, KeyError):
            original = getattr(target, name, DEFAULT)
        else:
            local = True
    
        if name in _builtins and isinstance(target, ModuleType):
            self.create = True
    
        if not self.create and original is DEFAULT:
>           raise AttributeError(
                "%s does not have the attribute %r" % (target, name)
            )
E           AttributeError: <module 'app.api.cfo_ai' from '/home/brunogandolfo/cfo-inteligente/backend/app/api/cfo_ai.py'> does not have the attribute 'client'

/usr/lib/python3.12/unittest/mock.py:1431: AttributeError
_ ERROR at setup of test_pregunta_real_e2e[\xbfC\xf3mo viene la rentabilidad?] _

    @pytest.fixture
    def mock_claude_apis():
        """Mock de ambos usos de Claude (SQL + Narrativa)"""
        with patch('app.services.claude_sql_generator.ClaudeSQLGenerator.generar_sql') as mock_sql:
>           with patch('app.api.cfo_ai.client') as mock_narrativa:

tests/test_e2e.py:39: 
_ _ _ _ _ _ _ _ _ _ _ _ _ _ _ _ _ _ _ _ _ _ _ _ _ _ _ _ _ _ _ _ _ _ _ _ _ _ _ _ 
/usr/lib/python3.12/unittest/mock.py:1458: in __enter__
    original, local = self.get_original()
                      ^^^^^^^^^^^^^^^^^^^
_ _ _ _ _ _ _ _ _ _ _ _ _ _ _ _ _ _ _ _ _ _ _ _ _ _ _ _ _ _ _ _ _ _ _ _ _ _ _ _ 

self = <unittest.mock._patch object at 0x7fafb05711f0>

    def get_original(self):
        target = self.getter()
        name = self.attribute
    
        original = DEFAULT
        local = False
    
        try:
            original = target.__dict__[name]
        except (AttributeError, KeyError):
            original = getattr(target, name, DEFAULT)
        else:
            local = True
    
        if name in _builtins and isinstance(target, ModuleType):
            self.create = True
    
        if not self.create and original is DEFAULT:
>           raise AttributeError(
                "%s does not have the attribute %r" % (target, name)
            )
E           AttributeError: <module 'app.api.cfo_ai' from '/home/brunogandolfo/cfo-inteligente/backend/app/api/cfo_ai.py'> does not have the attribute 'client'

/usr/lib/python3.12/unittest/mock.py:1431: AttributeError
_ ERROR at setup of test_pregunta_real_e2e[\xbfCu\xe1l es el margen de este mes?] _

    @pytest.fixture
    def mock_claude_apis():
        """Mock de ambos usos de Claude (SQL + Narrativa)"""
        with patch('app.services.claude_sql_generator.ClaudeSQLGenerator.generar_sql') as mock_sql:
>           with patch('app.api.cfo_ai.client') as mock_narrativa:

tests/test_e2e.py:39: 
_ _ _ _ _ _ _ _ _ _ _ _ _ _ _ _ _ _ _ _ _ _ _ _ _ _ _ _ _ _ _ _ _ _ _ _ _ _ _ _ 
/usr/lib/python3.12/unittest/mock.py:1458: in __enter__
    original, local = self.get_original()
                      ^^^^^^^^^^^^^^^^^^^
_ _ _ _ _ _ _ _ _ _ _ _ _ _ _ _ _ _ _ _ _ _ _ _ _ _ _ _ _ _ _ _ _ _ _ _ _ _ _ _ 

self = <unittest.mock._patch object at 0x7fafb0572ed0>

    def get_original(self):
        target = self.getter()
        name = self.attribute
    
        original = DEFAULT
        local = False
    
        try:
            original = target.__dict__[name]
        except (AttributeError, KeyError):
            original = getattr(target, name, DEFAULT)
        else:
            local = True
    
        if name in _builtins and isinstance(target, ModuleType):
            self.create = True
    
        if not self.create and original is DEFAULT:
>           raise AttributeError(
                "%s does not have the attribute %r" % (target, name)
            )
E           AttributeError: <module 'app.api.cfo_ai' from '/home/brunogandolfo/cfo-inteligente/backend/app/api/cfo_ai.py'> does not have the attribute 'client'

/usr/lib/python3.12/unittest/mock.py:1431: AttributeError
_ ERROR at setup of test_pregunta_real_e2e[\xbfEstamos mejor que el mes pasado?] _

    @pytest.fixture
    def mock_claude_apis():
        """Mock de ambos usos de Claude (SQL + Narrativa)"""
        with patch('app.services.claude_sql_generator.ClaudeSQLGenerator.generar_sql') as mock_sql:
>           with patch('app.api.cfo_ai.client') as mock_narrativa:

tests/test_e2e.py:39: 
_ _ _ _ _ _ _ _ _ _ _ _ _ _ _ _ _ _ _ _ _ _ _ _ _ _ _ _ _ _ _ _ _ _ _ _ _ _ _ _ 
/usr/lib/python3.12/unittest/mock.py:1458: in __enter__
    original, local = self.get_original()
                      ^^^^^^^^^^^^^^^^^^^
_ _ _ _ _ _ _ _ _ _ _ _ _ _ _ _ _ _ _ _ _ _ _ _ _ _ _ _ _ _ _ _ _ _ _ _ _ _ _ _ 

self = <unittest.mock._patch object at 0x7fafb0573d10>

    def get_original(self):
        target = self.getter()
        name = self.attribute
    
        original = DEFAULT
        local = False
    
        try:
            original = target.__dict__[name]
        except (AttributeError, KeyError):
            original = getattr(target, name, DEFAULT)
        else:
            local = True
    
        if name in _builtins and isinstance(target, ModuleType):
            self.create = True
    
        if not self.create and original is DEFAULT:
>           raise AttributeError(
                "%s does not have the attribute %r" % (target, name)
            )
E           AttributeError: <module 'app.api.cfo_ai' from '/home/brunogandolfo/cfo-inteligente/backend/app/api/cfo_ai.py'> does not have the attribute 'client'

/usr/lib/python3.12/unittest/mock.py:1431: AttributeError
__ ERROR at setup of test_pregunta_real_e2e[\xbfC\xf3mo vamos en el a\xf1o?] ___

    @pytest.fixture
    def mock_claude_apis():
        """Mock de ambos usos de Claude (SQL + Narrativa)"""
        with patch('app.services.claude_sql_generator.ClaudeSQLGenerator.generar_sql') as mock_sql:
>           with patch('app.api.cfo_ai.client') as mock_narrativa:

tests/test_e2e.py:39: 
_ _ _ _ _ _ _ _ _ _ _ _ _ _ _ _ _ _ _ _ _ _ _ _ _ _ _ _ _ _ _ _ _ _ _ _ _ _ _ _ 
/usr/lib/python3.12/unittest/mock.py:1458: in __enter__
    original, local = self.get_original()
                      ^^^^^^^^^^^^^^^^^^^
_ _ _ _ _ _ _ _ _ _ _ _ _ _ _ _ _ _ _ _ _ _ _ _ _ _ _ _ _ _ _ _ _ _ _ _ _ _ _ _ 

self = <unittest.mock._patch object at 0x7fafb0525f10>

    def get_original(self):
        target = self.getter()
        name = self.attribute
    
        original = DEFAULT
        local = False
    
        try:
            original = target.__dict__[name]
        except (AttributeError, KeyError):
            original = getattr(target, name, DEFAULT)
        else:
            local = True
    
        if name in _builtins and isinstance(target, ModuleType):
            self.create = True
    
        if not self.create and original is DEFAULT:
>           raise AttributeError(
                "%s does not have the attribute %r" % (target, name)
            )
E           AttributeError: <module 'app.api.cfo_ai' from '/home/brunogandolfo/cfo-inteligente/backend/app/api/cfo_ai.py'> does not have the attribute 'client'

/usr/lib/python3.12/unittest/mock.py:1431: AttributeError
_ ERROR at setup of test_pregunta_real_e2e[\xbfCu\xe1nto ganamos este trimestre?] _

    @pytest.fixture
    def mock_claude_apis():
        """Mock de ambos usos de Claude (SQL + Narrativa)"""
        with patch('app.services.claude_sql_generator.ClaudeSQLGenerator.generar_sql') as mock_sql:
>           with patch('app.api.cfo_ai.client') as mock_narrativa:

tests/test_e2e.py:39: 
_ _ _ _ _ _ _ _ _ _ _ _ _ _ _ _ _ _ _ _ _ _ _ _ _ _ _ _ _ _ _ _ _ _ _ _ _ _ _ _ 
/usr/lib/python3.12/unittest/mock.py:1458: in __enter__
    original, local = self.get_original()
                      ^^^^^^^^^^^^^^^^^^^
_ _ _ _ _ _ _ _ _ _ _ _ _ _ _ _ _ _ _ _ _ _ _ _ _ _ _ _ _ _ _ _ _ _ _ _ _ _ _ _ 

self = <unittest.mock._patch object at 0x7fafb0524e00>

    def get_original(self):
        target = self.getter()
        name = self.attribute
    
        original = DEFAULT
        local = False
    
        try:
            original = target.__dict__[name]
        except (AttributeError, KeyError):
            original = getattr(target, name, DEFAULT)
        else:
            local = True
    
        if name in _builtins and isinstance(target, ModuleType):
            self.create = True
    
        if not self.create and original is DEFAULT:
>           raise AttributeError(
                "%s does not have the attribute %r" % (target, name)
            )
E           AttributeError: <module 'app.api.cfo_ai' from '/home/brunogandolfo/cfo-inteligente/backend/app/api/cfo_ai.py'> does not have the attribute 'client'

/usr/lib/python3.12/unittest/mock.py:1431: AttributeError
_ ERROR at setup of test_pregunta_real_e2e[\xbfCu\xe1l es la rentabilidad del \xe1rea Jur\xeddi] _

    @pytest.fixture
    def mock_claude_apis():
        """Mock de ambos usos de Claude (SQL + Narrativa)"""
        with patch('app.services.claude_sql_generator.ClaudeSQLGenerator.generar_sql') as mock_sql:
>           with patch('app.api.cfo_ai.client') as mock_narrativa:

tests/test_e2e.py:39: 
_ _ _ _ _ _ _ _ _ _ _ _ _ _ _ _ _ _ _ _ _ _ _ _ _ _ _ _ _ _ _ _ _ _ _ _ _ _ _ _ 
/usr/lib/python3.12/unittest/mock.py:1458: in __enter__
    original, local = self.get_original()
                      ^^^^^^^^^^^^^^^^^^^
_ _ _ _ _ _ _ _ _ _ _ _ _ _ _ _ _ _ _ _ _ _ _ _ _ _ _ _ _ _ _ _ _ _ _ _ _ _ _ _ 

self = <unittest.mock._patch object at 0x7fafb0569b50>

    def get_original(self):
        target = self.getter()
        name = self.attribute
    
        original = DEFAULT
        local = False
    
        try:
            original = target.__dict__[name]
        except (AttributeError, KeyError):
            original = getattr(target, name, DEFAULT)
        else:
            local = True
    
        if name in _builtins and isinstance(target, ModuleType):
            self.create = True
    
        if not self.create and original is DEFAULT:
>           raise AttributeError(
                "%s does not have the attribute %r" % (target, name)
            )
E           AttributeError: <module 'app.api.cfo_ai' from '/home/brunogandolfo/cfo-inteligente/backend/app/api/cfo_ai.py'> does not have the attribute 'client'

/usr/lib/python3.12/unittest/mock.py:1431: AttributeError
_ ERROR at setup of test_pregunta_real_e2e[\xbfQu\xe9 \xe1rea es m\xe1s rentable?] _

    @pytest.fixture
    def mock_claude_apis():
        """Mock de ambos usos de Claude (SQL + Narrativa)"""
        with patch('app.services.claude_sql_generator.ClaudeSQLGenerator.generar_sql') as mock_sql:
>           with patch('app.api.cfo_ai.client') as mock_narrativa:

tests/test_e2e.py:39: 
_ _ _ _ _ _ _ _ _ _ _ _ _ _ _ _ _ _ _ _ _ _ _ _ _ _ _ _ _ _ _ _ _ _ _ _ _ _ _ _ 
/usr/lib/python3.12/unittest/mock.py:1458: in __enter__
    original, local = self.get_original()
                      ^^^^^^^^^^^^^^^^^^^
_ _ _ _ _ _ _ _ _ _ _ _ _ _ _ _ _ _ _ _ _ _ _ _ _ _ _ _ _ _ _ _ _ _ _ _ _ _ _ _ 

self = <unittest.mock._patch object at 0x7fafb0568440>

    def get_original(self):
        target = self.getter()
        name = self.attribute
    
        original = DEFAULT
        local = False
    
        try:
            original = target.__dict__[name]
        except (AttributeError, KeyError):
            original = getattr(target, name, DEFAULT)
        else:
            local = True
    
        if name in _builtins and isinstance(target, ModuleType):
            self.create = True
    
        if not self.create and original is DEFAULT:
>           raise AttributeError(
                "%s does not have the attribute %r" % (target, name)
            )
E           AttributeError: <module 'app.api.cfo_ai' from '/home/brunogandolfo/cfo-inteligente/backend/app/api/cfo_ai.py'> does not have the attribute 'client'

/usr/lib/python3.12/unittest/mock.py:1431: AttributeError
_ ERROR at setup of test_pregunta_real_e2e[\xbfC\xf3mo est\xe1 la rentabilidad de Notarial?] _

    @pytest.fixture
    def mock_claude_apis():
        """Mock de ambos usos de Claude (SQL + Narrativa)"""
        with patch('app.services.claude_sql_generator.ClaudeSQLGenerator.generar_sql') as mock_sql:
>           with patch('app.api.cfo_ai.client') as mock_narrativa:

tests/test_e2e.py:39: 
_ _ _ _ _ _ _ _ _ _ _ _ _ _ _ _ _ _ _ _ _ _ _ _ _ _ _ _ _ _ _ _ _ _ _ _ _ _ _ _ 
/usr/lib/python3.12/unittest/mock.py:1458: in __enter__
    original, local = self.get_original()
                      ^^^^^^^^^^^^^^^^^^^
_ _ _ _ _ _ _ _ _ _ _ _ _ _ _ _ _ _ _ _ _ _ _ _ _ _ _ _ _ _ _ _ _ _ _ _ _ _ _ _ 

self = <unittest.mock._patch object at 0x7fafb0542510>

    def get_original(self):
        target = self.getter()
        name = self.attribute
    
        original = DEFAULT
        local = False
    
        try:
            original = target.__dict__[name]
        except (AttributeError, KeyError):
            original = getattr(target, name, DEFAULT)
        else:
            local = True
    
        if name in _builtins and isinstance(target, ModuleType):
            self.create = True
    
        if not self.create and original is DEFAULT:
>           raise AttributeError(
                "%s does not have the attribute %r" % (target, name)
            )
E           AttributeError: <module 'app.api.cfo_ai' from '/home/brunogandolfo/cfo-inteligente/backend/app/api/cfo_ai.py'> does not have the attribute 'client'

/usr/lib/python3.12/unittest/mock.py:1431: AttributeError
______ ERROR at setup of test_pregunta_real_e2e[Dame un resumen del mes] _______

    @pytest.fixture
    def mock_claude_apis():
        """Mock de ambos usos de Claude (SQL + Narrativa)"""
        with patch('app.services.claude_sql_generator.ClaudeSQLGenerator.generar_sql') as mock_sql:
>           with patch('app.api.cfo_ai.client') as mock_narrativa:

tests/test_e2e.py:39: 
_ _ _ _ _ _ _ _ _ _ _ _ _ _ _ _ _ _ _ _ _ _ _ _ _ _ _ _ _ _ _ _ _ _ _ _ _ _ _ _ 
/usr/lib/python3.12/unittest/mock.py:1458: in __enter__
    original, local = self.get_original()
                      ^^^^^^^^^^^^^^^^^^^
_ _ _ _ _ _ _ _ _ _ _ _ _ _ _ _ _ _ _ _ _ _ _ _ _ _ _ _ _ _ _ _ _ _ _ _ _ _ _ _ 

self = <unittest.mock._patch object at 0x7fafb056ba10>

    def get_original(self):
        target = self.getter()
        name = self.attribute
    
        original = DEFAULT
        local = False
    
        try:
            original = target.__dict__[name]
        except (AttributeError, KeyError):
            original = getattr(target, name, DEFAULT)
        else:
            local = True
    
        if name in _builtins and isinstance(target, ModuleType):
            self.create = True
    
        if not self.create and original is DEFAULT:
>           raise AttributeError(
                "%s does not have the attribute %r" % (target, name)
            )
E           AttributeError: <module 'app.api.cfo_ai' from '/home/brunogandolfo/cfo-inteligente/backend/app/api/cfo_ai.py'> does not have the attribute 'client'

/usr/lib/python3.12/unittest/mock.py:1431: AttributeError
_ ERROR at setup of test_pregunta_real_e2e[\xbfCu\xe1l fue el mejor mes del a\xf1o?] _

    @pytest.fixture
    def mock_claude_apis():
        """Mock de ambos usos de Claude (SQL + Narrativa)"""
        with patch('app.services.claude_sql_generator.ClaudeSQLGenerator.generar_sql') as mock_sql:
>           with patch('app.api.cfo_ai.client') as mock_narrativa:

tests/test_e2e.py:39: 
_ _ _ _ _ _ _ _ _ _ _ _ _ _ _ _ _ _ _ _ _ _ _ _ _ _ _ _ _ _ _ _ _ _ _ _ _ _ _ _ 
/usr/lib/python3.12/unittest/mock.py:1458: in __enter__
    original, local = self.get_original()
                      ^^^^^^^^^^^^^^^^^^^
_ _ _ _ _ _ _ _ _ _ _ _ _ _ _ _ _ _ _ _ _ _ _ _ _ _ _ _ _ _ _ _ _ _ _ _ _ _ _ _ 

self = <unittest.mock._patch object at 0x7fafb0599550>

    def get_original(self):
        target = self.getter()
        name = self.attribute
    
        original = DEFAULT
        local = False
    
        try:
            original = target.__dict__[name]
        except (AttributeError, KeyError):
            original = getattr(target, name, DEFAULT)
        else:
            local = True
    
        if name in _builtins and isinstance(target, ModuleType):
            self.create = True
    
        if not self.create and original is DEFAULT:
>           raise AttributeError(
                "%s does not have the attribute %r" % (target, name)
            )
E           AttributeError: <module 'app.api.cfo_ai' from '/home/brunogandolfo/cfo-inteligente/backend/app/api/cfo_ai.py'> does not have the attribute 'client'

/usr/lib/python3.12/unittest/mock.py:1431: AttributeError
_ ERROR at setup of test_pregunta_real_e2e[\xbfVenimos mejorando la rentabilidad?] _

    @pytest.fixture
    def mock_claude_apis():
        """Mock de ambos usos de Claude (SQL + Narrativa)"""
        with patch('app.services.claude_sql_generator.ClaudeSQLGenerator.generar_sql') as mock_sql:
>           with patch('app.api.cfo_ai.client') as mock_narrativa:

tests/test_e2e.py:39: 
_ _ _ _ _ _ _ _ _ _ _ _ _ _ _ _ _ _ _ _ _ _ _ _ _ _ _ _ _ _ _ _ _ _ _ _ _ _ _ _ 
/usr/lib/python3.12/unittest/mock.py:1458: in __enter__
    original, local = self.get_original()
                      ^^^^^^^^^^^^^^^^^^^
_ _ _ _ _ _ _ _ _ _ _ _ _ _ _ _ _ _ _ _ _ _ _ _ _ _ _ _ _ _ _ _ _ _ _ _ _ _ _ _ 

self = <unittest.mock._patch object at 0x7fafb059ba10>

    def get_original(self):
        target = self.getter()
        name = self.attribute
    
        original = DEFAULT
        local = False
    
        try:
            original = target.__dict__[name]
        except (AttributeError, KeyError):
            original = getattr(target, name, DEFAULT)
        else:
            local = True
    
        if name in _builtins and isinstance(target, ModuleType):
            self.create = True
    
        if not self.create and original is DEFAULT:
>           raise AttributeError(
                "%s does not have the attribute %r" % (target, name)
            )
E           AttributeError: <module 'app.api.cfo_ai' from '/home/brunogandolfo/cfo-inteligente/backend/app/api/cfo_ai.py'> does not have the attribute 'client'

/usr/lib/python3.12/unittest/mock.py:1431: AttributeError
_ ERROR at setup of test_pregunta_real_e2e[\xbfCu\xe1nto es el resultado operativo?] _

    @pytest.fixture
    def mock_claude_apis():
        """Mock de ambos usos de Claude (SQL + Narrativa)"""
        with patch('app.services.claude_sql_generator.ClaudeSQLGenerator.generar_sql') as mock_sql:
>           with patch('app.api.cfo_ai.client') as mock_narrativa:

tests/test_e2e.py:39: 
_ _ _ _ _ _ _ _ _ _ _ _ _ _ _ _ _ _ _ _ _ _ _ _ _ _ _ _ _ _ _ _ _ _ _ _ _ _ _ _ 
/usr/lib/python3.12/unittest/mock.py:1458: in __enter__
    original, local = self.get_original()
                      ^^^^^^^^^^^^^^^^^^^
_ _ _ _ _ _ _ _ _ _ _ _ _ _ _ _ _ _ _ _ _ _ _ _ _ _ _ _ _ _ _ _ _ _ _ _ _ _ _ _ 

self = <unittest.mock._patch object at 0x7fafb94f6990>

    def get_original(self):
        target = self.getter()
        name = self.attribute
    
        original = DEFAULT
        local = False
    
        try:
            original = target.__dict__[name]
        except (AttributeError, KeyError):
            original = getattr(target, name, DEFAULT)
        else:
            local = True
    
        if name in _builtins and isinstance(target, ModuleType):
            self.create = True
    
        if not self.create and original is DEFAULT:
>           raise AttributeError(
                "%s does not have the attribute %r" % (target, name)
            )
E           AttributeError: <module 'app.api.cfo_ai' from '/home/brunogandolfo/cfo-inteligente/backend/app/api/cfo_ai.py'> does not have the attribute 'client'

/usr/lib/python3.12/unittest/mock.py:1431: AttributeError
_ ERROR at setup of test_pregunta_real_e2e[\xbfC\xf3mo viene el margen comparado con el a] _

    @pytest.fixture
    def mock_claude_apis():
        """Mock de ambos usos de Claude (SQL + Narrativa)"""
        with patch('app.services.claude_sql_generator.ClaudeSQLGenerator.generar_sql') as mock_sql:
>           with patch('app.api.cfo_ai.client') as mock_narrativa:

tests/test_e2e.py:39: 
_ _ _ _ _ _ _ _ _ _ _ _ _ _ _ _ _ _ _ _ _ _ _ _ _ _ _ _ _ _ _ _ _ _ _ _ _ _ _ _ 
/usr/lib/python3.12/unittest/mock.py:1458: in __enter__
    original, local = self.get_original()
                      ^^^^^^^^^^^^^^^^^^^
_ _ _ _ _ _ _ _ _ _ _ _ _ _ _ _ _ _ _ _ _ _ _ _ _ _ _ _ _ _ _ _ _ _ _ _ _ _ _ _ 

self = <unittest.mock._patch object at 0x7fafb954f1d0>

    def get_original(self):
        target = self.getter()
        name = self.attribute
    
        original = DEFAULT
        local = False
    
        try:
            original = target.__dict__[name]
        except (AttributeError, KeyError):
            original = getattr(target, name, DEFAULT)
        else:
            local = True
    
        if name in _builtins and isinstance(target, ModuleType):
            self.create = True
    
        if not self.create and original is DEFAULT:
>           raise AttributeError(
                "%s does not have the attribute %r" % (target, name)
            )
E           AttributeError: <module 'app.api.cfo_ai' from '/home/brunogandolfo/cfo-inteligente/backend/app/api/cfo_ai.py'> does not have the attribute 'client'

/usr/lib/python3.12/unittest/mock.py:1431: AttributeError
_ ERROR at setup of test_pregunta_real_e2e[\xbfProyectamos bien el cierre de a\xf1o?] _

    @pytest.fixture
    def mock_claude_apis():
        """Mock de ambos usos de Claude (SQL + Narrativa)"""
        with patch('app.services.claude_sql_generator.ClaudeSQLGenerator.generar_sql') as mock_sql:
>           with patch('app.api.cfo_ai.client') as mock_narrativa:

tests/test_e2e.py:39: 
_ _ _ _ _ _ _ _ _ _ _ _ _ _ _ _ _ _ _ _ _ _ _ _ _ _ _ _ _ _ _ _ _ _ _ _ _ _ _ _ 
/usr/lib/python3.12/unittest/mock.py:1458: in __enter__
    original, local = self.get_original()
                      ^^^^^^^^^^^^^^^^^^^
_ _ _ _ _ _ _ _ _ _ _ _ _ _ _ _ _ _ _ _ _ _ _ _ _ _ _ _ _ _ _ _ _ _ _ _ _ _ _ _ 

self = <unittest.mock._patch object at 0x7fafb95e1100>

    def get_original(self):
        target = self.getter()
        name = self.attribute
    
        original = DEFAULT
        local = False
    
        try:
            original = target.__dict__[name]
        except (AttributeError, KeyError):
            original = getattr(target, name, DEFAULT)
        else:
            local = True
    
        if name in _builtins and isinstance(target, ModuleType):
            self.create = True
    
        if not self.create and original is DEFAULT:
>           raise AttributeError(
                "%s does not have the attribute %r" % (target, name)
            )
E           AttributeError: <module 'app.api.cfo_ai' from '/home/brunogandolfo/cfo-inteligente/backend/app/api/cfo_ai.py'> does not have the attribute 'client'

/usr/lib/python3.12/unittest/mock.py:1431: AttributeError
_ ERROR at setup of test_pregunta_real_e2e[\xbfCu\xe1nto le toca a Bruno este a\xf1o?] _

    @pytest.fixture
    def mock_claude_apis():
        """Mock de ambos usos de Claude (SQL + Narrativa)"""
        with patch('app.services.claude_sql_generator.ClaudeSQLGenerator.generar_sql') as mock_sql:
>           with patch('app.api.cfo_ai.client') as mock_narrativa:

tests/test_e2e.py:39: 
_ _ _ _ _ _ _ _ _ _ _ _ _ _ _ _ _ _ _ _ _ _ _ _ _ _ _ _ _ _ _ _ _ _ _ _ _ _ _ _ 
/usr/lib/python3.12/unittest/mock.py:1458: in __enter__
    original, local = self.get_original()
                      ^^^^^^^^^^^^^^^^^^^
_ _ _ _ _ _ _ _ _ _ _ _ _ _ _ _ _ _ _ _ _ _ _ _ _ _ _ _ _ _ _ _ _ _ _ _ _ _ _ _ 

self = <unittest.mock._patch object at 0x7fafb0568ec0>

    def get_original(self):
        target = self.getter()
        name = self.attribute
    
        original = DEFAULT
        local = False
    
        try:
            original = target.__dict__[name]
        except (AttributeError, KeyError):
            original = getattr(target, name, DEFAULT)
        else:
            local = True
    
        if name in _builtins and isinstance(target, ModuleType):
            self.create = True
    
        if not self.create and original is DEFAULT:
>           raise AttributeError(
                "%s does not have the attribute %r" % (target, name)
            )
E           AttributeError: <module 'app.api.cfo_ai' from '/home/brunogandolfo/cfo-inteligente/backend/app/api/cfo_ai.py'> does not have the attribute 'client'

/usr/lib/python3.12/unittest/mock.py:1431: AttributeError
_ ERROR at setup of test_pregunta_real_e2e[\xbfCu\xe1nto recibi\xf3 Agustina en distribucion] _

    @pytest.fixture
    def mock_claude_apis():
        """Mock de ambos usos de Claude (SQL + Narrativa)"""
        with patch('app.services.claude_sql_generator.ClaudeSQLGenerator.generar_sql') as mock_sql:
>           with patch('app.api.cfo_ai.client') as mock_narrativa:

tests/test_e2e.py:39: 
_ _ _ _ _ _ _ _ _ _ _ _ _ _ _ _ _ _ _ _ _ _ _ _ _ _ _ _ _ _ _ _ _ _ _ _ _ _ _ _ 
/usr/lib/python3.12/unittest/mock.py:1458: in __enter__
    original, local = self.get_original()
                      ^^^^^^^^^^^^^^^^^^^
_ _ _ _ _ _ _ _ _ _ _ _ _ _ _ _ _ _ _ _ _ _ _ _ _ _ _ _ _ _ _ _ _ _ _ _ _ _ _ _ 

self = <unittest.mock._patch object at 0x7fafb95e1790>

    def get_original(self):
        target = self.getter()
        name = self.attribute
    
        original = DEFAULT
        local = False
    
        try:
            original = target.__dict__[name]
        except (AttributeError, KeyError):
            original = getattr(target, name, DEFAULT)
        else:
            local = True
    
        if name in _builtins and isinstance(target, ModuleType):
            self.create = True
    
        if not self.create and original is DEFAULT:
>           raise AttributeError(
                "%s does not have the attribute %r" % (target, name)
            )
E           AttributeError: <module 'app.api.cfo_ai' from '/home/brunogandolfo/cfo-inteligente/backend/app/api/cfo_ai.py'> does not have the attribute 'client'

/usr/lib/python3.12/unittest/mock.py:1431: AttributeError
_ ERROR at setup of test_pregunta_real_e2e[\xbfQu\xe9 socio retir\xf3 m\xe1s plata?] _

    @pytest.fixture
    def mock_claude_apis():
        """Mock de ambos usos de Claude (SQL + Narrativa)"""
        with patch('app.services.claude_sql_generator.ClaudeSQLGenerator.generar_sql') as mock_sql:
>           with patch('app.api.cfo_ai.client') as mock_narrativa:

tests/test_e2e.py:39: 
_ _ _ _ _ _ _ _ _ _ _ _ _ _ _ _ _ _ _ _ _ _ _ _ _ _ _ _ _ _ _ _ _ _ _ _ _ _ _ _ 
/usr/lib/python3.12/unittest/mock.py:1458: in __enter__
    original, local = self.get_original()
                      ^^^^^^^^^^^^^^^^^^^
_ _ _ _ _ _ _ _ _ _ _ _ _ _ _ _ _ _ _ _ _ _ _ _ _ _ _ _ _ _ _ _ _ _ _ _ _ _ _ _ 

self = <unittest.mock._patch object at 0x7fafb94f44d0>

    def get_original(self):
        target = self.getter()
        name = self.attribute
    
        original = DEFAULT
        local = False
    
        try:
            original = target.__dict__[name]
        except (AttributeError, KeyError):
            original = getattr(target, name, DEFAULT)
        else:
            local = True
    
        if name in _builtins and isinstance(target, ModuleType):
            self.create = True
    
        if not self.create and original is DEFAULT:
>           raise AttributeError(
                "%s does not have the attribute %r" % (target, name)
            )
E           AttributeError: <module 'app.api.cfo_ai' from '/home/brunogandolfo/cfo-inteligente/backend/app/api/cfo_ai.py'> does not have the attribute 'client'

/usr/lib/python3.12/unittest/mock.py:1431: AttributeError
_ ERROR at setup of test_pregunta_real_e2e[\xbfCu\xe1ndo fue la \xfaltima distribuci\xf3n?] _

    @pytest.fixture
    def mock_claude_apis():
        """Mock de ambos usos de Claude (SQL + Narrativa)"""
        with patch('app.services.claude_sql_generator.ClaudeSQLGenerator.generar_sql') as mock_sql:
>           with patch('app.api.cfo_ai.client') as mock_narrativa:

tests/test_e2e.py:39: 
_ _ _ _ _ _ _ _ _ _ _ _ _ _ _ _ _ _ _ _ _ _ _ _ _ _ _ _ _ _ _ _ _ _ _ _ _ _ _ _ 
/usr/lib/python3.12/unittest/mock.py:1458: in __enter__
    original, local = self.get_original()
                      ^^^^^^^^^^^^^^^^^^^
_ _ _ _ _ _ _ _ _ _ _ _ _ _ _ _ _ _ _ _ _ _ _ _ _ _ _ _ _ _ _ _ _ _ _ _ _ _ _ _ 

self = <unittest.mock._patch object at 0x7fafb059bbf0>

    def get_original(self):
        target = self.getter()
        name = self.attribute
    
        original = DEFAULT
        local = False
    
        try:
            original = target.__dict__[name]
        except (AttributeError, KeyError):
            original = getattr(target, name, DEFAULT)
        else:
            local = True
    
        if name in _builtins and isinstance(target, ModuleType):
            self.create = True
    
        if not self.create and original is DEFAULT:
>           raise AttributeError(
                "%s does not have the attribute %r" % (target, name)
            )
E           AttributeError: <module 'app.api.cfo_ai' from '/home/brunogandolfo/cfo-inteligente/backend/app/api/cfo_ai.py'> does not have the attribute 'client'

/usr/lib/python3.12/unittest/mock.py:1431: AttributeError
_ ERROR at setup of test_pregunta_real_e2e[\xbfCu\xe1nto se distribuy\xf3 este trimestre?] _

    @pytest.fixture
    def mock_claude_apis():
        """Mock de ambos usos de Claude (SQL + Narrativa)"""
        with patch('app.services.claude_sql_generator.ClaudeSQLGenerator.generar_sql') as mock_sql:
>           with patch('app.api.cfo_ai.client') as mock_narrativa:

tests/test_e2e.py:39: 
_ _ _ _ _ _ _ _ _ _ _ _ _ _ _ _ _ _ _ _ _ _ _ _ _ _ _ _ _ _ _ _ _ _ _ _ _ _ _ _ 
/usr/lib/python3.12/unittest/mock.py:1458: in __enter__
    original, local = self.get_original()
                      ^^^^^^^^^^^^^^^^^^^
_ _ _ _ _ _ _ _ _ _ _ _ _ _ _ _ _ _ _ _ _ _ _ _ _ _ _ _ _ _ _ _ _ _ _ _ _ _ _ _ 

self = <unittest.mock._patch object at 0x7fafb0598ec0>

    def get_original(self):
        target = self.getter()
        name = self.attribute
    
        original = DEFAULT
        local = False
    
        try:
            original = target.__dict__[name]
        except (AttributeError, KeyError):
            original = getattr(target, name, DEFAULT)
        else:
            local = True
    
        if name in _builtins and isinstance(target, ModuleType):
            self.create = True
    
        if not self.create and original is DEFAULT:
>           raise AttributeError(
                "%s does not have the attribute %r" % (target, name)
            )
E           AttributeError: <module 'app.api.cfo_ai' from '/home/brunogandolfo/cfo-inteligente/backend/app/api/cfo_ai.py'> does not have the attribute 'client'

/usr/lib/python3.12/unittest/mock.py:1431: AttributeError
_ ERROR at setup of test_pregunta_real_e2e[\xbfEst\xe1n bien los porcentajes de cada soci] _

    @pytest.fixture
    def mock_claude_apis():
        """Mock de ambos usos de Claude (SQL + Narrativa)"""
        with patch('app.services.claude_sql_generator.ClaudeSQLGenerator.generar_sql') as mock_sql:
>           with patch('app.api.cfo_ai.client') as mock_narrativa:

tests/test_e2e.py:39: 
_ _ _ _ _ _ _ _ _ _ _ _ _ _ _ _ _ _ _ _ _ _ _ _ _ _ _ _ _ _ _ _ _ _ _ _ _ _ _ _ 
/usr/lib/python3.12/unittest/mock.py:1458: in __enter__
    original, local = self.get_original()
                      ^^^^^^^^^^^^^^^^^^^
_ _ _ _ _ _ _ _ _ _ _ _ _ _ _ _ _ _ _ _ _ _ _ _ _ _ _ _ _ _ _ _ _ _ _ _ _ _ _ _ 

self = <unittest.mock._patch object at 0x7fafb056a6f0>

    def get_original(self):
        target = self.getter()
        name = self.attribute
    
        original = DEFAULT
        local = False
    
        try:
            original = target.__dict__[name]
        except (AttributeError, KeyError):
            original = getattr(target, name, DEFAULT)
        else:
            local = True
    
        if name in _builtins and isinstance(target, ModuleType):
            self.create = True
    
        if not self.create and original is DEFAULT:
>           raise AttributeError(
                "%s does not have the attribute %r" % (target, name)
            )
E           AttributeError: <module 'app.api.cfo_ai' from '/home/brunogandolfo/cfo-inteligente/backend/app/api/cfo_ai.py'> does not have the attribute 'client'

/usr/lib/python3.12/unittest/mock.py:1431: AttributeError
_ ERROR at setup of test_pregunta_real_e2e[\xbfCu\xe1nto llev\xf3 Viviana en el a\xf1o?] _

    @pytest.fixture
    def mock_claude_apis():
        """Mock de ambos usos de Claude (SQL + Narrativa)"""
        with patch('app.services.claude_sql_generator.ClaudeSQLGenerator.generar_sql') as mock_sql:
>           with patch('app.api.cfo_ai.client') as mock_narrativa:

tests/test_e2e.py:39: 
_ _ _ _ _ _ _ _ _ _ _ _ _ _ _ _ _ _ _ _ _ _ _ _ _ _ _ _ _ _ _ _ _ _ _ _ _ _ _ _ 
/usr/lib/python3.12/unittest/mock.py:1458: in __enter__
    original, local = self.get_original()
                      ^^^^^^^^^^^^^^^^^^^
_ _ _ _ _ _ _ _ _ _ _ _ _ _ _ _ _ _ _ _ _ _ _ _ _ _ _ _ _ _ _ _ _ _ _ _ _ _ _ _ 

self = <unittest.mock._patch object at 0x7fafb050dc40>

    def get_original(self):
        target = self.getter()
        name = self.attribute
    
        original = DEFAULT
        local = False
    
        try:
            original = target.__dict__[name]
        except (AttributeError, KeyError):
            original = getattr(target, name, DEFAULT)
        else:
            local = True
    
        if name in _builtins and isinstance(target, ModuleType):
            self.create = True
    
        if not self.create and original is DEFAULT:
>           raise AttributeError(
                "%s does not have the attribute %r" % (target, name)
            )
E           AttributeError: <module 'app.api.cfo_ai' from '/home/brunogandolfo/cfo-inteligente/backend/app/api/cfo_ai.py'> does not have the attribute 'client'

/usr/lib/python3.12/unittest/mock.py:1431: AttributeError
_ ERROR at setup of test_pregunta_real_e2e[\xbfQu\xe9 socio tiene m\xe1s retiros?] _

    @pytest.fixture
    def mock_claude_apis():
        """Mock de ambos usos de Claude (SQL + Narrativa)"""
        with patch('app.services.claude_sql_generator.ClaudeSQLGenerator.generar_sql') as mock_sql:
>           with patch('app.api.cfo_ai.client') as mock_narrativa:

tests/test_e2e.py:39: 
_ _ _ _ _ _ _ _ _ _ _ _ _ _ _ _ _ _ _ _ _ _ _ _ _ _ _ _ _ _ _ _ _ _ _ _ _ _ _ _ 
/usr/lib/python3.12/unittest/mock.py:1458: in __enter__
    original, local = self.get_original()
                      ^^^^^^^^^^^^^^^^^^^
_ _ _ _ _ _ _ _ _ _ _ _ _ _ _ _ _ _ _ _ _ _ _ _ _ _ _ _ _ _ _ _ _ _ _ _ _ _ _ _ 

self = <unittest.mock._patch object at 0x7fafb059a690>

    def get_original(self):
        target = self.getter()
        name = self.attribute
    
        original = DEFAULT
        local = False
    
        try:
            original = target.__dict__[name]
        except (AttributeError, KeyError):
            original = getattr(target, name, DEFAULT)
        else:
            local = True
    
        if name in _builtins and isinstance(target, ModuleType):
            self.create = True
    
        if not self.create and original is DEFAULT:
>           raise AttributeError(
                "%s does not have the attribute %r" % (target, name)
            )
E           AttributeError: <module 'app.api.cfo_ai' from '/home/brunogandolfo/cfo-inteligente/backend/app/api/cfo_ai.py'> does not have the attribute 'client'

/usr/lib/python3.12/unittest/mock.py:1431: AttributeError
_ ERROR at setup of test_pregunta_real_e2e[\xbfCu\xe1nto se reparti\xf3 en total?] _

    @pytest.fixture
    def mock_claude_apis():
        """Mock de ambos usos de Claude (SQL + Narrativa)"""
        with patch('app.services.claude_sql_generator.ClaudeSQLGenerator.generar_sql') as mock_sql:
>           with patch('app.api.cfo_ai.client') as mock_narrativa:

tests/test_e2e.py:39: 
_ _ _ _ _ _ _ _ _ _ _ _ _ _ _ _ _ _ _ _ _ _ _ _ _ _ _ _ _ _ _ _ _ _ _ _ _ _ _ _ 
/usr/lib/python3.12/unittest/mock.py:1458: in __enter__
    original, local = self.get_original()
                      ^^^^^^^^^^^^^^^^^^^
_ _ _ _ _ _ _ _ _ _ _ _ _ _ _ _ _ _ _ _ _ _ _ _ _ _ _ _ _ _ _ _ _ _ _ _ _ _ _ _ 

self = <unittest.mock._patch object at 0x7fafb059a1e0>

    def get_original(self):
        target = self.getter()
        name = self.attribute
    
        original = DEFAULT
        local = False
    
        try:
            original = target.__dict__[name]
        except (AttributeError, KeyError):
            original = getattr(target, name, DEFAULT)
        else:
            local = True
    
        if name in _builtins and isinstance(target, ModuleType):
            self.create = True
    
        if not self.create and original is DEFAULT:
>           raise AttributeError(
                "%s does not have the attribute %r" % (target, name)
            )
E           AttributeError: <module 'app.api.cfo_ai' from '/home/brunogandolfo/cfo-inteligente/backend/app/api/cfo_ai.py'> does not have the attribute 'client'

/usr/lib/python3.12/unittest/mock.py:1431: AttributeError
_ ERROR at setup of test_pregunta_real_e2e[\xbfGonzalo est\xe1 recibiendo lo que correspo] _

    @pytest.fixture
    def mock_claude_apis():
        """Mock de ambos usos de Claude (SQL + Narrativa)"""
        with patch('app.services.claude_sql_generator.ClaudeSQLGenerator.generar_sql') as mock_sql:
>           with patch('app.api.cfo_ai.client') as mock_narrativa:

tests/test_e2e.py:39: 
_ _ _ _ _ _ _ _ _ _ _ _ _ _ _ _ _ _ _ _ _ _ _ _ _ _ _ _ _ _ _ _ _ _ _ _ _ _ _ _ 
/usr/lib/python3.12/unittest/mock.py:1458: in __enter__
    original, local = self.get_original()
                      ^^^^^^^^^^^^^^^^^^^
_ _ _ _ _ _ _ _ _ _ _ _ _ _ _ _ _ _ _ _ _ _ _ _ _ _ _ _ _ _ _ _ _ _ _ _ _ _ _ _ 

self = <unittest.mock._patch object at 0x7fafb94f6600>

    def get_original(self):
        target = self.getter()
        name = self.attribute
    
        original = DEFAULT
        local = False
    
        try:
            original = target.__dict__[name]
        except (AttributeError, KeyError):
            original = getattr(target, name, DEFAULT)
        else:
            local = True
    
        if name in _builtins and isinstance(target, ModuleType):
            self.create = True
    
        if not self.create and original is DEFAULT:
>           raise AttributeError(
                "%s does not have the attribute %r" % (target, name)
            )
E           AttributeError: <module 'app.api.cfo_ai' from '/home/brunogandolfo/cfo-inteligente/backend/app/api/cfo_ai.py'> does not have the attribute 'client'

/usr/lib/python3.12/unittest/mock.py:1431: AttributeError
_ ERROR at setup of test_pregunta_real_e2e[\xbfFacturamos m\xe1s este mes que el anterior] _

    @pytest.fixture
    def mock_claude_apis():
        """Mock de ambos usos de Claude (SQL + Narrativa)"""
        with patch('app.services.claude_sql_generator.ClaudeSQLGenerator.generar_sql') as mock_sql:
>           with patch('app.api.cfo_ai.client') as mock_narrativa:

tests/test_e2e.py:39: 
_ _ _ _ _ _ _ _ _ _ _ _ _ _ _ _ _ _ _ _ _ _ _ _ _ _ _ _ _ _ _ _ _ _ _ _ _ _ _ _ 
/usr/lib/python3.12/unittest/mock.py:1458: in __enter__
    original, local = self.get_original()
                      ^^^^^^^^^^^^^^^^^^^
_ _ _ _ _ _ _ _ _ _ _ _ _ _ _ _ _ _ _ _ _ _ _ _ _ _ _ _ _ _ _ _ _ _ _ _ _ _ _ _ 

self = <unittest.mock._patch object at 0x7fafb95e1430>

    def get_original(self):
        target = self.getter()
        name = self.attribute
    
        original = DEFAULT
        local = False
    
        try:
            original = target.__dict__[name]
        except (AttributeError, KeyError):
            original = getattr(target, name, DEFAULT)
        else:
            local = True
    
        if name in _builtins and isinstance(target, ModuleType):
            self.create = True
    
        if not self.create and original is DEFAULT:
>           raise AttributeError(
                "%s does not have the attribute %r" % (target, name)
            )
E           AttributeError: <module 'app.api.cfo_ai' from '/home/brunogandolfo/cfo-inteligente/backend/app/api/cfo_ai.py'> does not have the attribute 'client'

/usr/lib/python3.12/unittest/mock.py:1431: AttributeError
_ ERROR at setup of test_pregunta_real_e2e[\xbfC\xf3mo se compara este trimestre con el p] _

    @pytest.fixture
    def mock_claude_apis():
        """Mock de ambos usos de Claude (SQL + Narrativa)"""
        with patch('app.services.claude_sql_generator.ClaudeSQLGenerator.generar_sql') as mock_sql:
>           with patch('app.api.cfo_ai.client') as mock_narrativa:

tests/test_e2e.py:39: 
_ _ _ _ _ _ _ _ _ _ _ _ _ _ _ _ _ _ _ _ _ _ _ _ _ _ _ _ _ _ _ _ _ _ _ _ _ _ _ _ 
/usr/lib/python3.12/unittest/mock.py:1458: in __enter__
    original, local = self.get_original()
                      ^^^^^^^^^^^^^^^^^^^
_ _ _ _ _ _ _ _ _ _ _ _ _ _ _ _ _ _ _ _ _ _ _ _ _ _ _ _ _ _ _ _ _ _ _ _ _ _ _ _ 

self = <unittest.mock._patch object at 0x7fafb050eba0>

    def get_original(self):
        target = self.getter()
        name = self.attribute
    
        original = DEFAULT
        local = False
    
        try:
            original = target.__dict__[name]
        except (AttributeError, KeyError):
            original = getattr(target, name, DEFAULT)
        else:
            local = True
    
        if name in _builtins and isinstance(target, ModuleType):
            self.create = True
    
        if not self.create and original is DEFAULT:
>           raise AttributeError(
                "%s does not have the attribute %r" % (target, name)
            )
E           AttributeError: <module 'app.api.cfo_ai' from '/home/brunogandolfo/cfo-inteligente/backend/app/api/cfo_ai.py'> does not have the attribute 'client'

/usr/lib/python3.12/unittest/mock.py:1431: AttributeError
__ ERROR at setup of test_pregunta_real_e2e[\xbfEstamos creciendo o bajando?] __

    @pytest.fixture
    def mock_claude_apis():
        """Mock de ambos usos de Claude (SQL + Narrativa)"""
        with patch('app.services.claude_sql_generator.ClaudeSQLGenerator.generar_sql') as mock_sql:
>           with patch('app.api.cfo_ai.client') as mock_narrativa:

tests/test_e2e.py:39: 
_ _ _ _ _ _ _ _ _ _ _ _ _ _ _ _ _ _ _ _ _ _ _ _ _ _ _ _ _ _ _ _ _ _ _ _ _ _ _ _ 
/usr/lib/python3.12/unittest/mock.py:1458: in __enter__
    original, local = self.get_original()
                      ^^^^^^^^^^^^^^^^^^^
_ _ _ _ _ _ _ _ _ _ _ _ _ _ _ _ _ _ _ _ _ _ _ _ _ _ _ _ _ _ _ _ _ _ _ _ _ _ _ _ 

self = <unittest.mock._patch object at 0x7fafb05242c0>

    def get_original(self):
        target = self.getter()
        name = self.attribute
    
        original = DEFAULT
        local = False
    
        try:
            original = target.__dict__[name]
        except (AttributeError, KeyError):
            original = getattr(target, name, DEFAULT)
        else:
            local = True
    
        if name in _builtins and isinstance(target, ModuleType):
            self.create = True
    
        if not self.create and original is DEFAULT:
>           raise AttributeError(
                "%s does not have the attribute %r" % (target, name)
            )
E           AttributeError: <module 'app.api.cfo_ai' from '/home/brunogandolfo/cfo-inteligente/backend/app/api/cfo_ai.py'> does not have the attribute 'client'

/usr/lib/python3.12/unittest/mock.py:1431: AttributeError
__ ERROR at setup of test_pregunta_real_e2e[\xbfQu\xe9 trimestre fue mejor?] ___

    @pytest.fixture
    def mock_claude_apis():
        """Mock de ambos usos de Claude (SQL + Narrativa)"""
        with patch('app.services.claude_sql_generator.ClaudeSQLGenerator.generar_sql') as mock_sql:
>           with patch('app.api.cfo_ai.client') as mock_narrativa:

tests/test_e2e.py:39: 
_ _ _ _ _ _ _ _ _ _ _ _ _ _ _ _ _ _ _ _ _ _ _ _ _ _ _ _ _ _ _ _ _ _ _ _ _ _ _ _ 
/usr/lib/python3.12/unittest/mock.py:1458: in __enter__
    original, local = self.get_original()
                      ^^^^^^^^^^^^^^^^^^^
_ _ _ _ _ _ _ _ _ _ _ _ _ _ _ _ _ _ _ _ _ _ _ _ _ _ _ _ _ _ _ _ _ _ _ _ _ _ _ _ 

self = <unittest.mock._patch object at 0x7fafb9539e80>

    def get_original(self):
        target = self.getter()
        name = self.attribute
    
        original = DEFAULT
        local = False
    
        try:
            original = target.__dict__[name]
        except (AttributeError, KeyError):
            original = getattr(target, name, DEFAULT)
        else:
            local = True
    
        if name in _builtins and isinstance(target, ModuleType):
            self.create = True
    
        if not self.create and original is DEFAULT:
>           raise AttributeError(
                "%s does not have the attribute %r" % (target, name)
            )
E           AttributeError: <module 'app.api.cfo_ai' from '/home/brunogandolfo/cfo-inteligente/backend/app/api/cfo_ai.py'> does not have the attribute 'client'

/usr/lib/python3.12/unittest/mock.py:1431: AttributeError
_ ERROR at setup of test_pregunta_real_e2e[\xbfC\xf3mo va octubre comparado con septiembr] _

    @pytest.fixture
    def mock_claude_apis():
        """Mock de ambos usos de Claude (SQL + Narrativa)"""
        with patch('app.services.claude_sql_generator.ClaudeSQLGenerator.generar_sql') as mock_sql:
>           with patch('app.api.cfo_ai.client') as mock_narrativa:

tests/test_e2e.py:39: 
_ _ _ _ _ _ _ _ _ _ _ _ _ _ _ _ _ _ _ _ _ _ _ _ _ _ _ _ _ _ _ _ _ _ _ _ _ _ _ _ 
/usr/lib/python3.12/unittest/mock.py:1458: in __enter__
    original, local = self.get_original()
                      ^^^^^^^^^^^^^^^^^^^
_ _ _ _ _ _ _ _ _ _ _ _ _ _ _ _ _ _ _ _ _ _ _ _ _ _ _ _ _ _ _ _ _ _ _ _ _ _ _ _ 

self = <unittest.mock._patch object at 0x7fafb954f4d0>

    def get_original(self):
        target = self.getter()
        name = self.attribute
    
        original = DEFAULT
        local = False
    
        try:
            original = target.__dict__[name]
        except (AttributeError, KeyError):
            original = getattr(target, name, DEFAULT)
        else:
            local = True
    
        if name in _builtins and isinstance(target, ModuleType):
            self.create = True
    
        if not self.create and original is DEFAULT:
>           raise AttributeError(
                "%s does not have the attribute %r" % (target, name)
            )
E           AttributeError: <module 'app.api.cfo_ai' from '/home/brunogandolfo/cfo-inteligente/backend/app/api/cfo_ai.py'> does not have the attribute 'client'

/usr/lib/python3.12/unittest/mock.py:1431: AttributeError
_ ERROR at setup of test_pregunta_real_e2e[\xbfMejoramos respecto al a\xf1o pasado?] _

    @pytest.fixture
    def mock_claude_apis():
        """Mock de ambos usos de Claude (SQL + Narrativa)"""
        with patch('app.services.claude_sql_generator.ClaudeSQLGenerator.generar_sql') as mock_sql:
>           with patch('app.api.cfo_ai.client') as mock_narrativa:

tests/test_e2e.py:39: 
_ _ _ _ _ _ _ _ _ _ _ _ _ _ _ _ _ _ _ _ _ _ _ _ _ _ _ _ _ _ _ _ _ _ _ _ _ _ _ _ 
/usr/lib/python3.12/unittest/mock.py:1458: in __enter__
    original, local = self.get_original()
                      ^^^^^^^^^^^^^^^^^^^
_ _ _ _ _ _ _ _ _ _ _ _ _ _ _ _ _ _ _ _ _ _ _ _ _ _ _ _ _ _ _ _ _ _ _ _ _ _ _ _ 

self = <unittest.mock._patch object at 0x7fafb056ac90>

    def get_original(self):
        target = self.getter()
        name = self.attribute
    
        original = DEFAULT
        local = False
    
        try:
            original = target.__dict__[name]
        except (AttributeError, KeyError):
            original = getattr(target, name, DEFAULT)
        else:
            local = True
    
        if name in _builtins and isinstance(target, ModuleType):
            self.create = True
    
        if not self.create and original is DEFAULT:
>           raise AttributeError(
                "%s does not have the attribute %r" % (target, name)
            )
E           AttributeError: <module 'app.api.cfo_ai' from '/home/brunogandolfo/cfo-inteligente/backend/app/api/cfo_ai.py'> does not have the attribute 'client'

/usr/lib/python3.12/unittest/mock.py:1431: AttributeError
____ ERROR at setup of test_pregunta_real_e2e[\xbfCu\xe1l fue el peor mes?] ____

    @pytest.fixture
    def mock_claude_apis():
        """Mock de ambos usos de Claude (SQL + Narrativa)"""
        with patch('app.services.claude_sql_generator.ClaudeSQLGenerator.generar_sql') as mock_sql:
>           with patch('app.api.cfo_ai.client') as mock_narrativa:

tests/test_e2e.py:39: 
_ _ _ _ _ _ _ _ _ _ _ _ _ _ _ _ _ _ _ _ _ _ _ _ _ _ _ _ _ _ _ _ _ _ _ _ _ _ _ _ 
/usr/lib/python3.12/unittest/mock.py:1458: in __enter__
    original, local = self.get_original()
                      ^^^^^^^^^^^^^^^^^^^
_ _ _ _ _ _ _ _ _ _ _ _ _ _ _ _ _ _ _ _ _ _ _ _ _ _ _ _ _ _ _ _ _ _ _ _ _ _ _ _ 

self = <unittest.mock._patch object at 0x7fafb059aab0>

    def get_original(self):
        target = self.getter()
        name = self.attribute
    
        original = DEFAULT
        local = False
    
        try:
            original = target.__dict__[name]
        except (AttributeError, KeyError):
            original = getattr(target, name, DEFAULT)
        else:
            local = True
    
        if name in _builtins and isinstance(target, ModuleType):
            self.create = True
    
        if not self.create and original is DEFAULT:
>           raise AttributeError(
                "%s does not have the attribute %r" % (target, name)
            )
E           AttributeError: <module 'app.api.cfo_ai' from '/home/brunogandolfo/cfo-inteligente/backend/app/api/cfo_ai.py'> does not have the attribute 'client'

/usr/lib/python3.12/unittest/mock.py:1431: AttributeError
_ ERROR at setup of test_pregunta_real_e2e[\xbfLa tendencia es positiva o negativa?] _

    @pytest.fixture
    def mock_claude_apis():
        """Mock de ambos usos de Claude (SQL + Narrativa)"""
        with patch('app.services.claude_sql_generator.ClaudeSQLGenerator.generar_sql') as mock_sql:
>           with patch('app.api.cfo_ai.client') as mock_narrativa:

tests/test_e2e.py:39: 
_ _ _ _ _ _ _ _ _ _ _ _ _ _ _ _ _ _ _ _ _ _ _ _ _ _ _ _ _ _ _ _ _ _ _ _ _ _ _ _ 
/usr/lib/python3.12/unittest/mock.py:1458: in __enter__
    original, local = self.get_original()
                      ^^^^^^^^^^^^^^^^^^^
_ _ _ _ _ _ _ _ _ _ _ _ _ _ _ _ _ _ _ _ _ _ _ _ _ _ _ _ _ _ _ _ _ _ _ _ _ _ _ _ 

self = <unittest.mock._patch object at 0x7fafb0524e90>

    def get_original(self):
        target = self.getter()
        name = self.attribute
    
        original = DEFAULT
        local = False
    
        try:
            original = target.__dict__[name]
        except (AttributeError, KeyError):
            original = getattr(target, name, DEFAULT)
        else:
            local = True
    
        if name in _builtins and isinstance(target, ModuleType):
            self.create = True
    
        if not self.create and original is DEFAULT:
>           raise AttributeError(
                "%s does not have the attribute %r" % (target, name)
            )
E           AttributeError: <module 'app.api.cfo_ai' from '/home/brunogandolfo/cfo-inteligente/backend/app/api/cfo_ai.py'> does not have the attribute 'client'

/usr/lib/python3.12/unittest/mock.py:1431: AttributeError
___ ERROR at setup of test_pregunta_real_e2e[\xbfEstamos en alza o en baja?] ___

    @pytest.fixture
    def mock_claude_apis():
        """Mock de ambos usos de Claude (SQL + Narrativa)"""
        with patch('app.services.claude_sql_generator.ClaudeSQLGenerator.generar_sql') as mock_sql:
>           with patch('app.api.cfo_ai.client') as mock_narrativa:

tests/test_e2e.py:39: 
_ _ _ _ _ _ _ _ _ _ _ _ _ _ _ _ _ _ _ _ _ _ _ _ _ _ _ _ _ _ _ _ _ _ _ _ _ _ _ _ 
/usr/lib/python3.12/unittest/mock.py:1458: in __enter__
    original, local = self.get_original()
                      ^^^^^^^^^^^^^^^^^^^
_ _ _ _ _ _ _ _ _ _ _ _ _ _ _ _ _ _ _ _ _ _ _ _ _ _ _ _ _ _ _ _ _ _ _ _ _ _ _ _ 

self = <unittest.mock._patch object at 0x7fafb057fb30>

    def get_original(self):
        target = self.getter()
        name = self.attribute
    
        original = DEFAULT
        local = False
    
        try:
            original = target.__dict__[name]
        except (AttributeError, KeyError):
            original = getattr(target, name, DEFAULT)
        else:
            local = True
    
        if name in _builtins and isinstance(target, ModuleType):
            self.create = True
    
        if not self.create and original is DEFAULT:
>           raise AttributeError(
                "%s does not have the attribute %r" % (target, name)
            )
E           AttributeError: <module 'app.api.cfo_ai' from '/home/brunogandolfo/cfo-inteligente/backend/app/api/cfo_ai.py'> does not have the attribute 'client'

/usr/lib/python3.12/unittest/mock.py:1431: AttributeError
_ ERROR at setup of test_pregunta_real_e2e[\xbfC\xf3mo viene la facturaci\xf3n mes a mes?] _

    @pytest.fixture
    def mock_claude_apis():
        """Mock de ambos usos de Claude (SQL + Narrativa)"""
        with patch('app.services.claude_sql_generator.ClaudeSQLGenerator.generar_sql') as mock_sql:
>           with patch('app.api.cfo_ai.client') as mock_narrativa:

tests/test_e2e.py:39: 
_ _ _ _ _ _ _ _ _ _ _ _ _ _ _ _ _ _ _ _ _ _ _ _ _ _ _ _ _ _ _ _ _ _ _ _ _ _ _ _ 
/usr/lib/python3.12/unittest/mock.py:1458: in __enter__
    original, local = self.get_original()
                      ^^^^^^^^^^^^^^^^^^^
_ _ _ _ _ _ _ _ _ _ _ _ _ _ _ _ _ _ _ _ _ _ _ _ _ _ _ _ _ _ _ _ _ _ _ _ _ _ _ _ 

self = <unittest.mock._patch object at 0x7fafb0599fa0>

    def get_original(self):
        target = self.getter()
        name = self.attribute
    
        original = DEFAULT
        local = False
    
        try:
            original = target.__dict__[name]
        except (AttributeError, KeyError):
            original = getattr(target, name, DEFAULT)
        else:
            local = True
    
        if name in _builtins and isinstance(target, ModuleType):
            self.create = True
    
        if not self.create and original is DEFAULT:
>           raise AttributeError(
                "%s does not have the attribute %r" % (target, name)
            )
E           AttributeError: <module 'app.api.cfo_ai' from '/home/brunogandolfo/cfo-inteligente/backend/app/api/cfo_ai.py'> does not have the attribute 'client'

/usr/lib/python3.12/unittest/mock.py:1431: AttributeError
_ ERROR at setup of test_pregunta_real_e2e[\xbfCu\xe1nto facturamos en d\xf3lares este mes?] _

    @pytest.fixture
    def mock_claude_apis():
        """Mock de ambos usos de Claude (SQL + Narrativa)"""
        with patch('app.services.claude_sql_generator.ClaudeSQLGenerator.generar_sql') as mock_sql:
>           with patch('app.api.cfo_ai.client') as mock_narrativa:

tests/test_e2e.py:39: 
_ _ _ _ _ _ _ _ _ _ _ _ _ _ _ _ _ _ _ _ _ _ _ _ _ _ _ _ _ _ _ _ _ _ _ _ _ _ _ _ 
/usr/lib/python3.12/unittest/mock.py:1458: in __enter__
    original, local = self.get_original()
                      ^^^^^^^^^^^^^^^^^^^
_ _ _ _ _ _ _ _ _ _ _ _ _ _ _ _ _ _ _ _ _ _ _ _ _ _ _ _ _ _ _ _ _ _ _ _ _ _ _ _ 

self = <unittest.mock._patch object at 0x7fafb056b6e0>

    def get_original(self):
        target = self.getter()
        name = self.attribute
    
        original = DEFAULT
        local = False
    
        try:
            original = target.__dict__[name]
        except (AttributeError, KeyError):
            original = getattr(target, name, DEFAULT)
        else:
            local = True
    
        if name in _builtins and isinstance(target, ModuleType):
            self.create = True
    
        if not self.create and original is DEFAULT:
>           raise AttributeError(
                "%s does not have the attribute %r" % (target, name)
            )
E           AttributeError: <module 'app.api.cfo_ai' from '/home/brunogandolfo/cfo-inteligente/backend/app/api/cfo_ai.py'> does not have the attribute 'client'

/usr/lib/python3.12/unittest/mock.py:1431: AttributeError
__ ERROR at setup of test_pregunta_real_e2e[\xbfCu\xe1nto gastamos en pesos?] __

    @pytest.fixture
    def mock_claude_apis():
        """Mock de ambos usos de Claude (SQL + Narrativa)"""
        with patch('app.services.claude_sql_generator.ClaudeSQLGenerator.generar_sql') as mock_sql:
>           with patch('app.api.cfo_ai.client') as mock_narrativa:

tests/test_e2e.py:39: 
_ _ _ _ _ _ _ _ _ _ _ _ _ _ _ _ _ _ _ _ _ _ _ _ _ _ _ _ _ _ _ _ _ _ _ _ _ _ _ _ 
/usr/lib/python3.12/unittest/mock.py:1458: in __enter__
    original, local = self.get_original()
                      ^^^^^^^^^^^^^^^^^^^
_ _ _ _ _ _ _ _ _ _ _ _ _ _ _ _ _ _ _ _ _ _ _ _ _ _ _ _ _ _ _ _ _ _ _ _ _ _ _ _ 

self = <unittest.mock._patch object at 0x7fafb94f5550>

    def get_original(self):
        target = self.getter()
        name = self.attribute
    
        original = DEFAULT
        local = False
    
        try:
            original = target.__dict__[name]
        except (AttributeError, KeyError):
            original = getattr(target, name, DEFAULT)
        else:
            local = True
    
        if name in _builtins and isinstance(target, ModuleType):
            self.create = True
    
        if not self.create and original is DEFAULT:
>           raise AttributeError(
                "%s does not have the attribute %r" % (target, name)
            )
E           AttributeError: <module 'app.api.cfo_ai' from '/home/brunogandolfo/cfo-inteligente/backend/app/api/cfo_ai.py'> does not have the attribute 'client'

/usr/lib/python3.12/unittest/mock.py:1431: AttributeError
_ ERROR at setup of test_pregunta_real_e2e[\xbfQu\xe9 porcentaje de facturaci\xf3n es en USD] _

    @pytest.fixture
    def mock_claude_apis():
        """Mock de ambos usos de Claude (SQL + Narrativa)"""
        with patch('app.services.claude_sql_generator.ClaudeSQLGenerator.generar_sql') as mock_sql:
>           with patch('app.api.cfo_ai.client') as mock_narrativa:

tests/test_e2e.py:39: 
_ _ _ _ _ _ _ _ _ _ _ _ _ _ _ _ _ _ _ _ _ _ _ _ _ _ _ _ _ _ _ _ _ _ _ _ _ _ _ _ 
/usr/lib/python3.12/unittest/mock.py:1458: in __enter__
    original, local = self.get_original()
                      ^^^^^^^^^^^^^^^^^^^
_ _ _ _ _ _ _ _ _ _ _ _ _ _ _ _ _ _ _ _ _ _ _ _ _ _ _ _ _ _ _ _ _ _ _ _ _ _ _ _ 

self = <unittest.mock._patch object at 0x7fafb95e3080>

    def get_original(self):
        target = self.getter()
        name = self.attribute
    
        original = DEFAULT
        local = False
    
        try:
            original = target.__dict__[name]
        except (AttributeError, KeyError):
            original = getattr(target, name, DEFAULT)
        else:
            local = True
    
        if name in _builtins and isinstance(target, ModuleType):
            self.create = True
    
        if not self.create and original is DEFAULT:
>           raise AttributeError(
                "%s does not have the attribute %r" % (target, name)
            )
E           AttributeError: <module 'app.api.cfo_ai' from '/home/brunogandolfo/cfo-inteligente/backend/app/api/cfo_ai.py'> does not have the attribute 'client'

/usr/lib/python3.12/unittest/mock.py:1431: AttributeError
_ ERROR at setup of test_pregunta_real_e2e[\xbfCu\xe1nto se distribuy\xf3 en d\xf3lares?] _

    @pytest.fixture
    def mock_claude_apis():
        """Mock de ambos usos de Claude (SQL + Narrativa)"""
        with patch('app.services.claude_sql_generator.ClaudeSQLGenerator.generar_sql') as mock_sql:
>           with patch('app.api.cfo_ai.client') as mock_narrativa:

tests/test_e2e.py:39: 
_ _ _ _ _ _ _ _ _ _ _ _ _ _ _ _ _ _ _ _ _ _ _ _ _ _ _ _ _ _ _ _ _ _ _ _ _ _ _ _ 
/usr/lib/python3.12/unittest/mock.py:1458: in __enter__
    original, local = self.get_original()
                      ^^^^^^^^^^^^^^^^^^^
_ _ _ _ _ _ _ _ _ _ _ _ _ _ _ _ _ _ _ _ _ _ _ _ _ _ _ _ _ _ _ _ _ _ _ _ _ _ _ _ 

self = <unittest.mock._patch object at 0x7fafb057ce30>

    def get_original(self):
        target = self.getter()
        name = self.attribute
    
        original = DEFAULT
        local = False
    
        try:
            original = target.__dict__[name]
        except (AttributeError, KeyError):
            original = getattr(target, name, DEFAULT)
        else:
            local = True
    
        if name in _builtins and isinstance(target, ModuleType):
            self.create = True
    
        if not self.create and original is DEFAULT:
>           raise AttributeError(
                "%s does not have the attribute %r" % (target, name)
            )
E           AttributeError: <module 'app.api.cfo_ai' from '/home/brunogandolfo/cfo-inteligente/backend/app/api/cfo_ai.py'> does not have the attribute 'client'

/usr/lib/python3.12/unittest/mock.py:1431: AttributeError
_ ERROR at setup of test_pregunta_real_e2e[\xbfOperamos m\xe1s en pesos o d\xf3lares?] _

    @pytest.fixture
    def mock_claude_apis():
        """Mock de ambos usos de Claude (SQL + Narrativa)"""
        with patch('app.services.claude_sql_generator.ClaudeSQLGenerator.generar_sql') as mock_sql:
>           with patch('app.api.cfo_ai.client') as mock_narrativa:

tests/test_e2e.py:39: 
_ _ _ _ _ _ _ _ _ _ _ _ _ _ _ _ _ _ _ _ _ _ _ _ _ _ _ _ _ _ _ _ _ _ _ _ _ _ _ _ 
/usr/lib/python3.12/unittest/mock.py:1458: in __enter__
    original, local = self.get_original()
                      ^^^^^^^^^^^^^^^^^^^
_ _ _ _ _ _ _ _ _ _ _ _ _ _ _ _ _ _ _ _ _ _ _ _ _ _ _ _ _ _ _ _ _ _ _ _ _ _ _ _ 

self = <unittest.mock._patch object at 0x7fafb057d220>

    def get_original(self):
        target = self.getter()
        name = self.attribute
    
        original = DEFAULT
        local = False
    
        try:
            original = target.__dict__[name]
        except (AttributeError, KeyError):
            original = getattr(target, name, DEFAULT)
        else:
            local = True
    
        if name in _builtins and isinstance(target, ModuleType):
            self.create = True
    
        if not self.create and original is DEFAULT:
>           raise AttributeError(
                "%s does not have the attribute %r" % (target, name)
            )
E           AttributeError: <module 'app.api.cfo_ai' from '/home/brunogandolfo/cfo-inteligente/backend/app/api/cfo_ai.py'> does not have the attribute 'client'

/usr/lib/python3.12/unittest/mock.py:1431: AttributeError
_ ERROR at setup of test_pregunta_real_e2e[\xbfCu\xe1l es el tipo de cambio promedio que ] _

    @pytest.fixture
    def mock_claude_apis():
        """Mock de ambos usos de Claude (SQL + Narrativa)"""
        with patch('app.services.claude_sql_generator.ClaudeSQLGenerator.generar_sql') as mock_sql:
>           with patch('app.api.cfo_ai.client') as mock_narrativa:

tests/test_e2e.py:39: 
_ _ _ _ _ _ _ _ _ _ _ _ _ _ _ _ _ _ _ _ _ _ _ _ _ _ _ _ _ _ _ _ _ _ _ _ _ _ _ _ 
/usr/lib/python3.12/unittest/mock.py:1458: in __enter__
    original, local = self.get_original()
                      ^^^^^^^^^^^^^^^^^^^
_ _ _ _ _ _ _ _ _ _ _ _ _ _ _ _ _ _ _ _ _ _ _ _ _ _ _ _ _ _ _ _ _ _ _ _ _ _ _ _ 

self = <unittest.mock._patch object at 0x7fafb050f080>

    def get_original(self):
        target = self.getter()
        name = self.attribute
    
        original = DEFAULT
        local = False
    
        try:
            original = target.__dict__[name]
        except (AttributeError, KeyError):
            original = getattr(target, name, DEFAULT)
        else:
            local = True
    
        if name in _builtins and isinstance(target, ModuleType):
            self.create = True
    
        if not self.create and original is DEFAULT:
>           raise AttributeError(
                "%s does not have the attribute %r" % (target, name)
            )
E           AttributeError: <module 'app.api.cfo_ai' from '/home/brunogandolfo/cfo-inteligente/backend/app/api/cfo_ai.py'> does not have the attribute 'client'

/usr/lib/python3.12/unittest/mock.py:1431: AttributeError
_ ERROR at setup of test_pregunta_real_e2e[\xbfQu\xe9 \xe1rea factura m\xe1s en d\xf3lares?] _

    @pytest.fixture
    def mock_claude_apis():
        """Mock de ambos usos de Claude (SQL + Narrativa)"""
        with patch('app.services.claude_sql_generator.ClaudeSQLGenerator.generar_sql') as mock_sql:
>           with patch('app.api.cfo_ai.client') as mock_narrativa:

tests/test_e2e.py:39: 
_ _ _ _ _ _ _ _ _ _ _ _ _ _ _ _ _ _ _ _ _ _ _ _ _ _ _ _ _ _ _ _ _ _ _ _ _ _ _ _ 
/usr/lib/python3.12/unittest/mock.py:1458: in __enter__
    original, local = self.get_original()
                      ^^^^^^^^^^^^^^^^^^^
_ _ _ _ _ _ _ _ _ _ _ _ _ _ _ _ _ _ _ _ _ _ _ _ _ _ _ _ _ _ _ _ _ _ _ _ _ _ _ _ 

self = <unittest.mock._patch object at 0x7fafb056a090>

    def get_original(self):
        target = self.getter()
        name = self.attribute
    
        original = DEFAULT
        local = False
    
        try:
            original = target.__dict__[name]
        except (AttributeError, KeyError):
            original = getattr(target, name, DEFAULT)
        else:
            local = True
    
        if name in _builtins and isinstance(target, ModuleType):
            self.create = True
    
        if not self.create and original is DEFAULT:
>           raise AttributeError(
                "%s does not have the attribute %r" % (target, name)
            )
E           AttributeError: <module 'app.api.cfo_ai' from '/home/brunogandolfo/cfo-inteligente/backend/app/api/cfo_ai.py'> does not have the attribute 'client'

/usr/lib/python3.12/unittest/mock.py:1431: AttributeError
_ ERROR at setup of test_pregunta_real_e2e[\xbfCu\xe1nto es todo en d\xf3lares?] _

    @pytest.fixture
    def mock_claude_apis():
        """Mock de ambos usos de Claude (SQL + Narrativa)"""
        with patch('app.services.claude_sql_generator.ClaudeSQLGenerator.generar_sql') as mock_sql:
>           with patch('app.api.cfo_ai.client') as mock_narrativa:

tests/test_e2e.py:39: 
_ _ _ _ _ _ _ _ _ _ _ _ _ _ _ _ _ _ _ _ _ _ _ _ _ _ _ _ _ _ _ _ _ _ _ _ _ _ _ _ 
/usr/lib/python3.12/unittest/mock.py:1458: in __enter__
    original, local = self.get_original()
                      ^^^^^^^^^^^^^^^^^^^
_ _ _ _ _ _ _ _ _ _ _ _ _ _ _ _ _ _ _ _ _ _ _ _ _ _ _ _ _ _ _ _ _ _ _ _ _ _ _ _ 

self = <unittest.mock._patch object at 0x7fafb059a090>

    def get_original(self):
        target = self.getter()
        name = self.attribute
    
        original = DEFAULT
        local = False
    
        try:
            original = target.__dict__[name]
        except (AttributeError, KeyError):
            original = getattr(target, name, DEFAULT)
        else:
            local = True
    
        if name in _builtins and isinstance(target, ModuleType):
            self.create = True
    
        if not self.create and original is DEFAULT:
>           raise AttributeError(
                "%s does not have the attribute %r" % (target, name)
            )
E           AttributeError: <module 'app.api.cfo_ai' from '/home/brunogandolfo/cfo-inteligente/backend/app/api/cfo_ai.py'> does not have the attribute 'client'

/usr/lib/python3.12/unittest/mock.py:1431: AttributeError
_ ERROR at setup of test_pregunta_real_e2e[\xbfQu\xe9 \xe1rea genera m\xe1s ingresos?] _

    @pytest.fixture
    def mock_claude_apis():
        """Mock de ambos usos de Claude (SQL + Narrativa)"""
        with patch('app.services.claude_sql_generator.ClaudeSQLGenerator.generar_sql') as mock_sql:
>           with patch('app.api.cfo_ai.client') as mock_narrativa:

tests/test_e2e.py:39: 
_ _ _ _ _ _ _ _ _ _ _ _ _ _ _ _ _ _ _ _ _ _ _ _ _ _ _ _ _ _ _ _ _ _ _ _ _ _ _ _ 
/usr/lib/python3.12/unittest/mock.py:1458: in __enter__
    original, local = self.get_original()
                      ^^^^^^^^^^^^^^^^^^^
_ _ _ _ _ _ _ _ _ _ _ _ _ _ _ _ _ _ _ _ _ _ _ _ _ _ _ _ _ _ _ _ _ _ _ _ _ _ _ _ 

self = <unittest.mock._patch object at 0x7fafb057fc80>

    def get_original(self):
        target = self.getter()
        name = self.attribute
    
        original = DEFAULT
        local = False
    
        try:
            original = target.__dict__[name]
        except (AttributeError, KeyError):
            original = getattr(target, name, DEFAULT)
        else:
            local = True
    
        if name in _builtins and isinstance(target, ModuleType):
            self.create = True
    
        if not self.create and original is DEFAULT:
>           raise AttributeError(
                "%s does not have the attribute %r" % (target, name)
            )
E           AttributeError: <module 'app.api.cfo_ai' from '/home/brunogandolfo/cfo-inteligente/backend/app/api/cfo_ai.py'> does not have the attribute 'client'

/usr/lib/python3.12/unittest/mock.py:1431: AttributeError
_ ERROR at setup of test_pregunta_real_e2e[\xbfCu\xe1nto factura Montevideo vs Mercedes?] _

    @pytest.fixture
    def mock_claude_apis():
        """Mock de ambos usos de Claude (SQL + Narrativa)"""
        with patch('app.services.claude_sql_generator.ClaudeSQLGenerator.generar_sql') as mock_sql:
>           with patch('app.api.cfo_ai.client') as mock_narrativa:

tests/test_e2e.py:39: 
_ _ _ _ _ _ _ _ _ _ _ _ _ _ _ _ _ _ _ _ _ _ _ _ _ _ _ _ _ _ _ _ _ _ _ _ _ _ _ _ 
/usr/lib/python3.12/unittest/mock.py:1458: in __enter__
    original, local = self.get_original()
                      ^^^^^^^^^^^^^^^^^^^
_ _ _ _ _ _ _ _ _ _ _ _ _ _ _ _ _ _ _ _ _ _ _ _ _ _ _ _ _ _ _ _ _ _ _ _ _ _ _ _ 

self = <unittest.mock._patch object at 0x7fafb05700b0>

    def get_original(self):
        target = self.getter()
        name = self.attribute
    
        original = DEFAULT
        local = False
    
        try:
            original = target.__dict__[name]
        except (AttributeError, KeyError):
            original = getattr(target, name, DEFAULT)
        else:
            local = True
    
        if name in _builtins and isinstance(target, ModuleType):
            self.create = True
    
        if not self.create and original is DEFAULT:
>           raise AttributeError(
                "%s does not have the attribute %r" % (target, name)
            )
E           AttributeError: <module 'app.api.cfo_ai' from '/home/brunogandolfo/cfo-inteligente/backend/app/api/cfo_ai.py'> does not have the attribute 'client'

/usr/lib/python3.12/unittest/mock.py:1431: AttributeError
_ ERROR at setup of test_pregunta_real_e2e[\xbfQu\xe9 oficina es m\xe1s rentable?] _

    @pytest.fixture
    def mock_claude_apis():
        """Mock de ambos usos de Claude (SQL + Narrativa)"""
        with patch('app.services.claude_sql_generator.ClaudeSQLGenerator.generar_sql') as mock_sql:
>           with patch('app.api.cfo_ai.client') as mock_narrativa:

tests/test_e2e.py:39: 
_ _ _ _ _ _ _ _ _ _ _ _ _ _ _ _ _ _ _ _ _ _ _ _ _ _ _ _ _ _ _ _ _ _ _ _ _ _ _ _ 
/usr/lib/python3.12/unittest/mock.py:1458: in __enter__
    original, local = self.get_original()
                      ^^^^^^^^^^^^^^^^^^^
_ _ _ _ _ _ _ _ _ _ _ _ _ _ _ _ _ _ _ _ _ _ _ _ _ _ _ _ _ _ _ _ _ _ _ _ _ _ _ _ 

self = <unittest.mock._patch object at 0x7fafb0573e60>

    def get_original(self):
        target = self.getter()
        name = self.attribute
    
        original = DEFAULT
        local = False
    
        try:
            original = target.__dict__[name]
        except (AttributeError, KeyError):
            original = getattr(target, name, DEFAULT)
        else:
            local = True
    
        if name in _builtins and isinstance(target, ModuleType):
            self.create = True
    
        if not self.create and original is DEFAULT:
>           raise AttributeError(
                "%s does not have the attribute %r" % (target, name)
            )
E           AttributeError: <module 'app.api.cfo_ai' from '/home/brunogandolfo/cfo-inteligente/backend/app/api/cfo_ai.py'> does not have the attribute 'client'

/usr/lib/python3.12/unittest/mock.py:1431: AttributeError
_ ERROR at setup of test_pregunta_real_e2e[\xbfC\xf3mo est\xe1 Mercedes este mes?] _

    @pytest.fixture
    def mock_claude_apis():
        """Mock de ambos usos de Claude (SQL + Narrativa)"""
        with patch('app.services.claude_sql_generator.ClaudeSQLGenerator.generar_sql') as mock_sql:
>           with patch('app.api.cfo_ai.client') as mock_narrativa:

tests/test_e2e.py:39: 
_ _ _ _ _ _ _ _ _ _ _ _ _ _ _ _ _ _ _ _ _ _ _ _ _ _ _ _ _ _ _ _ _ _ _ _ _ _ _ _ 
/usr/lib/python3.12/unittest/mock.py:1458: in __enter__
    original, local = self.get_original()
                      ^^^^^^^^^^^^^^^^^^^
_ _ _ _ _ _ _ _ _ _ _ _ _ _ _ _ _ _ _ _ _ _ _ _ _ _ _ _ _ _ _ _ _ _ _ _ _ _ _ _ 

self = <unittest.mock._patch object at 0x7fafb057f890>

    def get_original(self):
        target = self.getter()
        name = self.attribute
    
        original = DEFAULT
        local = False
    
        try:
            original = target.__dict__[name]
        except (AttributeError, KeyError):
            original = getattr(target, name, DEFAULT)
        else:
            local = True
    
        if name in _builtins and isinstance(target, ModuleType):
            self.create = True
    
        if not self.create and original is DEFAULT:
>           raise AttributeError(
                "%s does not have the attribute %r" % (target, name)
            )
E           AttributeError: <module 'app.api.cfo_ai' from '/home/brunogandolfo/cfo-inteligente/backend/app/api/cfo_ai.py'> does not have the attribute 'client'

/usr/lib/python3.12/unittest/mock.py:1431: AttributeError
__ ERROR at setup of test_pregunta_real_e2e[\xbfCu\xe1nto gast\xf3 Contable?] __

    @pytest.fixture
    def mock_claude_apis():
        """Mock de ambos usos de Claude (SQL + Narrativa)"""
        with patch('app.services.claude_sql_generator.ClaudeSQLGenerator.generar_sql') as mock_sql:
>           with patch('app.api.cfo_ai.client') as mock_narrativa:

tests/test_e2e.py:39: 
_ _ _ _ _ _ _ _ _ _ _ _ _ _ _ _ _ _ _ _ _ _ _ _ _ _ _ _ _ _ _ _ _ _ _ _ _ _ _ _ 
/usr/lib/python3.12/unittest/mock.py:1458: in __enter__
    original, local = self.get_original()
                      ^^^^^^^^^^^^^^^^^^^
_ _ _ _ _ _ _ _ _ _ _ _ _ _ _ _ _ _ _ _ _ _ _ _ _ _ _ _ _ _ _ _ _ _ _ _ _ _ _ _ 

self = <unittest.mock._patch object at 0x7fafb0599340>

    def get_original(self):
        target = self.getter()
        name = self.attribute
    
        original = DEFAULT
        local = False
    
        try:
            original = target.__dict__[name]
        except (AttributeError, KeyError):
            original = getattr(target, name, DEFAULT)
        else:
            local = True
    
        if name in _builtins and isinstance(target, ModuleType):
            self.create = True
    
        if not self.create and original is DEFAULT:
>           raise AttributeError(
                "%s does not have the attribute %r" % (target, name)
            )
E           AttributeError: <module 'app.api.cfo_ai' from '/home/brunogandolfo/cfo-inteligente/backend/app/api/cfo_ai.py'> does not have the attribute 'client'

/usr/lib/python3.12/unittest/mock.py:1431: AttributeError
_ ERROR at setup of test_pregunta_real_e2e[\xbfQu\xe9 \xe1rea tiene m\xe1s gastos?] _

    @pytest.fixture
    def mock_claude_apis():
        """Mock de ambos usos de Claude (SQL + Narrativa)"""
        with patch('app.services.claude_sql_generator.ClaudeSQLGenerator.generar_sql') as mock_sql:
>           with patch('app.api.cfo_ai.client') as mock_narrativa:

tests/test_e2e.py:39: 
_ _ _ _ _ _ _ _ _ _ _ _ _ _ _ _ _ _ _ _ _ _ _ _ _ _ _ _ _ _ _ _ _ _ _ _ _ _ _ _ 
/usr/lib/python3.12/unittest/mock.py:1458: in __enter__
    original, local = self.get_original()
                      ^^^^^^^^^^^^^^^^^^^
_ _ _ _ _ _ _ _ _ _ _ _ _ _ _ _ _ _ _ _ _ _ _ _ _ _ _ _ _ _ _ _ _ _ _ _ _ _ _ _ 

self = <unittest.mock._patch object at 0x7fafb95e37d0>

    def get_original(self):
        target = self.getter()
        name = self.attribute
    
        original = DEFAULT
        local = False
    
        try:
            original = target.__dict__[name]
        except (AttributeError, KeyError):
            original = getattr(target, name, DEFAULT)
        else:
            local = True
    
        if name in _builtins and isinstance(target, ModuleType):
            self.create = True
    
        if not self.create and original is DEFAULT:
>           raise AttributeError(
                "%s does not have the attribute %r" % (target, name)
            )
[...]
app/services/charts/pie_chart.py                                    23     11    52%   31, 34, 37, 43, 51-79
app/services/charts/treemap_chart.py                                22     16    27%   55-71, 80-119
app/services/charts/waterfall_chart.py                              34     16    53%   56, 64, 85-152, 169-179
app/services/claude_sql_generator.py                                34     11    68%   391-396, 407-408, 420-422
app/services/conversacion_service.py                                42      0   100%
app/services/insights/__init__.py                                    5      5     0%   11-16
app/services/insights/analysis_lenses.py                            29     29     0%   11-186
app/services/insights/insight_context_builder.py                    45     45     0%   11-143
app/services/insights/insight_formatter.py                          21     21     0%   11-93
app/services/insights/insight_generator.py                          41     41     0%   11-158
app/services/metrics/__init__.py                                     9      0   100%
app/services/metrics/base_calculator.py                             12      2    83%   59, 77
app/services/metrics/cliente_analyzer.py                            89      9    90%   46, 124, 137, 139, 167, 174-175, 177-178
app/services/metrics/distribution_calculator.py                     54     13    76%   90, 118, 159-174
app/services/metrics/efficiency_calculator.py                       26      1    96%   78
app/services/metrics/localidad_analyzer.py                          52      7    87%   54, 108-109, 139, 141, 143, 154
app/services/metrics/metrics_aggregator.py                         107     37    65%   178-180, 183-185, 227-285, 304-310, 328-333, 375-394
app/services/metrics/ratios_calculator.py                           53      3    94%   73, 135, 171
app/services/metrics/results_calculator.py                          14      0   100%
app/services/metrics/totals_calculator.py                           17      0   100%
app/services/metrics/trends_calculator.py                           87     20    77%   111, 147, 205-211, 224-230, 243-249, 275, 321-323
app/services/operacion_service.py                                   60     29    52%   30-50, 53, 67, 119-120, 130-192
app/services/pdf/__init__.py                                         4      0   100%
app/services/pdf/asset_manager.py                                   15     15     0%   10-55
app/services/pdf/pdf_compiler.py                                    75     60    20%   53-55, 88-128, 149-174, 192-225, 237-261
app/services/pdf/pdf_compiler_playwright.py                         70     54    23%   55, 77-145, 167-218, 230-234, 247, 263-270
app/services/pdf/pdf_generator.py                                   30     30     0%   10-81
app/services/pdf/pdf_metadata.py                                    31     31     0%   18-158
app/services/pdf/report_builder.py                                 122     95    22%   77-87, 121-220, 245-316, 320, 376, 406, 425-457, 461-463, 482-501, 513-518, 523-527, 531-535, 549-555
app/services/pdf/template_renderer.py                               60     48    20%   51-67, 80-108, 134-150, 165-177, 189-198
app/services/pdf/weasyprint_generator.py                            65     65     0%   8-118
app/services/query_fallback.py                                      31      3    90%   24, 42, 45
app/services/report_data/__init__.py                                 4      0   100%
app/services/report_data/aggregator_factory.py                      22     10    55%   41, 56-65, 76-79, 84
app/services/report_data/base_aggregator.py                        159    121    24%   74-96, 120, 128, 145, 187-218, 242-284, 288-324, 328-375, 389-440, 463-489, 497
app/services/report_data/generators/__init__.py                      2      2     0%   1-3
app/services/report_data/generators/pnl_localidad_generator.py     114    114     0%   7-429
app/services/report_data/monthly_aggregator.py                      56     34    39%   62, 82-108, 126-150, 161-181
app/services/report_orchestrator.py                                260    231    11%   95-106, 134-377, 395-591, 599-606, 623-637, 650-668, 672-675, 680-693
app/services/sql_post_processor.py                                  51      0   100%
app/services/sql_router.py                                         190     37    81%   111, 169, 179, 193-194, 254, 337, 349, 542, 602-644
app/services/tipo_cambio_service.py                                 31      1    97%   85
app/services/validador_canonico.py                                  89     72    19%   263-271, 289-301, 324-364, 399-467, 490
app/services/validador_sql.py                                      230     71    69%   86, 92, 139, 158, 192, 203, 209, 220, 231, 253, 266, 307-338, 434-435, 459-484, 514-593
app/services/validators/__init__.py                                  0      0   100%
app/services/validators/data_validator.py                           55     28    49%   71-102, 137-138, 163-185
app/services/validators/request_validator.py                        67     30    55%   38-50, 72, 80, 85, 92, 110-144, 164, 172, 212, 224, 247
app/utils/date_resolver.py                                          77     20    74%   56, 64-68, 71, 79, 109-111, 127-134, 170, 172, 174, 178, 224
app/utils/formatters.py                                             49      5    90%   105, 156-157, 165, 195
app/utils/narrative_builder.py                                     137    130     5%   24-90, 103-139, 152-189, 202-245, 258-311
app/utils/stats_calculator.py                                       53      0   100%
----------------------------------------------------------------------------------------------
TOTAL                                                             5813   2970    49%
Coverage HTML written to dir htmlcov
=========================== short test summary info ============================
FAILED tests/test_ai_components.py::test_fallback_estrategico_genera_insights
FAILED tests/test_ai_components.py::test_fallback_estrategico_identifica_disparidad
FAILED tests/test_auth_endpoints.py::TestRegister::test_register_exitoso_crea_usuario
FAILED tests/test_auth_endpoints.py::TestRegister::test_register_email_duplicado_retorna_400
FAILED tests/test_auth_endpoints.py::TestRegister::test_register_asigna_rol_socio_si_email_autorizado
FAILED tests/test_auth_endpoints.py::TestRegister::test_register_asigna_rol_colaborador_si_email_no_autorizado
FAILED tests/test_auth_endpoints.py::TestRegister::test_register_password_se_hashea
FAILED tests/test_auth_endpoints.py::TestRegister::test_register_usuario_activo_por_defecto
FAILED tests/test_auth_endpoints.py::TestAuthValidation::test_register_email_invalido_retorna_422
FAILED tests/test_auth_endpoints.py::TestAuthValidation::test_register_sin_nombre_retorna_422
FAILED tests/test_auth_endpoints.py::TestSociosAutorizados::test_todos_los_socios_autorizados_son_socios[aborio]
FAILED tests/test_auth_endpoints.py::TestSociosAutorizados::test_todos_los_socios_autorizados_son_socios[falgorta]
FAILED tests/test_auth_endpoints.py::TestSociosAutorizados::test_todos_los_socios_autorizados_son_socios[vcaresani]
FAILED tests/test_auth_endpoints.py::TestSociosAutorizados::test_todos_los_socios_autorizados_son_socios[gtaborda]
FAILED tests/test_auth_endpoints.py::TestSociosAutorizados::test_prefijo_case_insensitive
FAILED tests/test_claude_sql_generator.py::TestInicializacion::test_init_con_api_key_valida
FAILED tests/test_claude_sql_generator.py::TestInicializacion::test_init_sin_api_key
FAILED tests/test_claude_sql_generator.py::TestInicializacion::test_business_context_con_8_reglas
FAILED tests/test_claude_sql_generator.py::TestGenerarSQL::test_generar_sql_error_api
FAILED tests/test_claude_sql_generator.py::TestGenerarSQL::test_generar_sql_timeout
FAILED tests/test_claude_sql_generator.py::TestGenerarSQL::test_generar_sql_rate_limit
FAILED tests/test_claude_sql_generator.py::TestGenerarSQL::test_generar_sql_parametros_correctos
FAILED tests/test_claude_sql_generator.py::TestContextoYPrompt::test_prompt_incluye_ddl
FAILED tests/test_claude_sql_generator.py::TestContextoYPrompt::test_prompt_incluye_business_context
FAILED tests/test_claude_sql_generator.py::TestContextoYPrompt::test_prompt_incluye_pregunta_usuario
FAILED tests/test_claude_sql_generator.py::TestManejoErrores::test_api_connection_error
FAILED tests/test_claude_sql_generator.py::TestManejoErrores::test_authentication_error
FAILED tests/test_claude_sql_generator.py::TestManejoErrores::test_respuesta_sin_content
FAILED tests/test_integration.py::TestChainOfThoughtIntegration::test_obtener_metadatos_temporales
FAILED tests/test_integration.py::TestChainOfThoughtIntegration::test_generar_con_cot_completo
FAILED tests/test_integration.py::TestEndpointCFOAsk::test_endpoint_pregunta_simple
FAILED tests/test_integration.py::TestEndpointCFOAsk::test_endpoint_pregunta_compleja
FAILED tests/test_integration.py::TestEndpointCFOAsk::test_endpoint_sql_invalido
FAILED tests/test_integration.py::TestEndpointCFOAsk::test_endpoint_formato_response
FAILED tests/test_integration.py::TestSQLRouterIntegration::test_sql_ejecutable_en_bd
FAILED tests/test_integration.py::TestSQLRouterIntegration::test_sql_rentabilidad_ejecutable
FAILED tests/test_integration.py::TestValidadorConDatosReales::test_validar_rentabilidad_real
FAILED tests/test_integration.py::TestValidadorConDatosReales::test_validar_distribuciones_reales
FAILED tests/test_integration.py::TestFlujoCompletoEndToEnd::test_flujo_completo_pregunta_facturacion
FAILED tests/test_integration.py::TestFlujoCompletoEndToEnd::test_flujo_con_validacion_pre_sql
FAILED tests/test_integration.py::TestFlujoCompletoEndToEnd::test_flujo_con_chain_of_thought
FAILED tests/test_integration.py::TestQueriesReales::test_query_conteo_operaciones
FAILED tests/test_integration.py::TestQueriesReales::test_query_sum_ingresos
FAILED tests/test_integration.py::TestQueriesReales::test_query_distribuciones_por_socio
FAILED tests/test_integration.py::TestChainOfThoughtAvanzado::test_proyeccion_fin_año_con_metadatos
FAILED tests/test_integration.py::TestChainOfThoughtAvanzado::test_comparacion_mes_vs_mes
FAILED tests/test_integration.py::TestChainOfThoughtAvanzado::test_tendencia_ultimos_3_meses
FAILED tests/test_integration.py::TestChainOfThoughtAvanzado::test_conversion_moneda_multiple
FAILED tests/test_integration.py::TestChainOfThoughtAvanzado::test_metadatos_fecha_actual_correcta
FAILED tests/test_integration.py::TestChainOfThoughtAvanzado::test_meses_con_datos_dinamico
FAILED tests/test_integration.py::TestChainOfThoughtAvanzado::test_ultimo_mes_con_datos
FAILED tests/test_integration.py::TestValidadorPostSQLReal::test_porcentaje_usd_uyu_real
FAILED tests/test_integration.py::TestValidadorPostSQLReal::test_distribucion_por_socio_real
FAILED tests/test_integration.py::TestCasosCriticos::test_caso_retiros_por_socio
FAILED tests/test_integration.py::TestCasosCriticos::test_caso_comparacion_año_anterior
FAILED tests/test_integration.py::TestCasosCriticos::test_caso_gonzalo_recibe_correcto
FAILED tests/test_integration.py::TestCasosCriticos::test_caso_estamos_creciendo
FAILED tests/test_integration_real.py::TestAuthIntegration::test_registro_y_login_flujo_completo
FAILED tests/test_integration_real.py::TestAuthIntegration::test_registro_socio_autorizado
FAILED tests/test_integration_real.py::TestAuthIntegration::test_registro_colaborador
FAILED tests/test_metrics_aggregator.py::test_aggregator_calcula_todas_metricas
FAILED tests/test_metrics_aggregator.py::test_aggregator_totals_correctos - T...
FAILED tests/test_metrics_aggregator.py::test_aggregator_margen_correcto - Ty...
FAILED tests/test_metrics_aggregator.py::test_aggregator_area_lider - TypeErr...
FAILED tests/test_metrics_aggregator.py::test_aggregator_con_comparacion - Ty...
FAILED tests/test_monthly_aggregator.py::TestMonthlyAggregator::test_aggregate_octubre_2025
FAILED tests/test_monthly_aggregator.py::TestMonthlyAggregator::test_aggregate_con_filtro_localidad
FAILED tests/test_monthly_aggregator.py::TestMonthlyAggregator::test_metricas_por_area_ordenadas
FAILED tests/test_operacion_service.py::TestCrearRetiro::test_crear_retiro_solo_uyu
FAILED tests/test_operacion_service.py::TestCrearRetiro::test_crear_retiro_solo_usd
FAILED tests/test_operacion_service.py::TestCrearRetiro::test_crear_retiro_ambas_monedas
FAILED tests/test_operacion_service.py::TestCrearRetiro::test_crear_retiro_no_requiere_area
FAILED tests/test_operacion_service.py::TestFiltrosPorLocalidadArea::test_filtrar_operaciones_por_area
FAILED tests/test_security.py::TestCreateAccessToken::test_create_access_token_expiracion_correcta
FAILED tests/test_sql_router.py::TestFuncionesGlobales::test_generar_sql_inteligente_wrapper
ERROR tests/test_e2e.py::test_pregunta_real_e2e[\xbfCu\xe1nto facturamos este mes?]
ERROR tests/test_e2e.py::test_pregunta_real_e2e[\xbfC\xf3mo viene la rentabilidad?]
ERROR tests/test_e2e.py::test_pregunta_real_e2e[\xbfCu\xe1l es el margen de este mes?]
ERROR tests/test_e2e.py::test_pregunta_real_e2e[\xbfEstamos mejor que el mes pasado?]
ERROR tests/test_e2e.py::test_pregunta_real_e2e[\xbfC\xf3mo vamos en el a\xf1o?]
ERROR tests/test_e2e.py::test_pregunta_real_e2e[\xbfCu\xe1nto ganamos este trimestre?]
ERROR tests/test_e2e.py::test_pregunta_real_e2e[\xbfCu\xe1l es la rentabilidad del \xe1rea Jur\xeddi]
ERROR tests/test_e2e.py::test_pregunta_real_e2e[\xbfQu\xe9 \xe1rea es m\xe1s rentable?]
ERROR tests/test_e2e.py::test_pregunta_real_e2e[\xbfC\xf3mo est\xe1 la rentabilidad de Notarial?]
ERROR tests/test_e2e.py::test_pregunta_real_e2e[Dame un resumen del mes] - At...
ERROR tests/test_e2e.py::test_pregunta_real_e2e[\xbfCu\xe1l fue el mejor mes del a\xf1o?]
ERROR tests/test_e2e.py::test_pregunta_real_e2e[\xbfVenimos mejorando la rentabilidad?]
ERROR tests/test_e2e.py::test_pregunta_real_e2e[\xbfCu\xe1nto es el resultado operativo?]
ERROR tests/test_e2e.py::test_pregunta_real_e2e[\xbfC\xf3mo viene el margen comparado con el a]
ERROR tests/test_e2e.py::test_pregunta_real_e2e[\xbfProyectamos bien el cierre de a\xf1o?]
ERROR tests/test_e2e.py::test_pregunta_real_e2e[\xbfCu\xe1nto le toca a Bruno este a\xf1o?]
ERROR tests/test_e2e.py::test_pregunta_real_e2e[\xbfCu\xe1nto recibi\xf3 Agustina en distribucion]
ERROR tests/test_e2e.py::test_pregunta_real_e2e[\xbfQu\xe9 socio retir\xf3 m\xe1s plata?]
ERROR tests/test_e2e.py::test_pregunta_real_e2e[\xbfCu\xe1ndo fue la \xfaltima distribuci\xf3n?]
ERROR tests/test_e2e.py::test_pregunta_real_e2e[\xbfCu\xe1nto se distribuy\xf3 este trimestre?]
ERROR tests/test_e2e.py::test_pregunta_real_e2e[\xbfEst\xe1n bien los porcentajes de cada soci]
ERROR tests/test_e2e.py::test_pregunta_real_e2e[\xbfCu\xe1nto llev\xf3 Viviana en el a\xf1o?]
ERROR tests/test_e2e.py::test_pregunta_real_e2e[\xbfQu\xe9 socio tiene m\xe1s retiros?]
ERROR tests/test_e2e.py::test_pregunta_real_e2e[\xbfCu\xe1nto se reparti\xf3 en total?]
ERROR tests/test_e2e.py::test_pregunta_real_e2e[\xbfGonzalo est\xe1 recibiendo lo que correspo]
ERROR tests/test_e2e.py::test_pregunta_real_e2e[\xbfFacturamos m\xe1s este mes que el anterior]
ERROR tests/test_e2e.py::test_pregunta_real_e2e[\xbfC\xf3mo se compara este trimestre con el p]
ERROR tests/test_e2e.py::test_pregunta_real_e2e[\xbfEstamos creciendo o bajando?]
ERROR tests/test_e2e.py::test_pregunta_real_e2e[\xbfQu\xe9 trimestre fue mejor?]
ERROR tests/test_e2e.py::test_pregunta_real_e2e[\xbfC\xf3mo va octubre comparado con septiembr]
ERROR tests/test_e2e.py::test_pregunta_real_e2e[\xbfMejoramos respecto al a\xf1o pasado?]
ERROR tests/test_e2e.py::test_pregunta_real_e2e[\xbfCu\xe1l fue el peor mes?]
ERROR tests/test_e2e.py::test_pregunta_real_e2e[\xbfLa tendencia es positiva o negativa?]
ERROR tests/test_e2e.py::test_pregunta_real_e2e[\xbfEstamos en alza o en baja?]
ERROR tests/test_e2e.py::test_pregunta_real_e2e[\xbfC\xf3mo viene la facturaci\xf3n mes a mes?]
ERROR tests/test_e2e.py::test_pregunta_real_e2e[\xbfCu\xe1nto facturamos en d\xf3lares este mes?]
ERROR tests/test_e2e.py::test_pregunta_real_e2e[\xbfCu\xe1nto gastamos en pesos?]
ERROR tests/test_e2e.py::test_pregunta_real_e2e[\xbfQu\xe9 porcentaje de facturaci\xf3n es en USD]
ERROR tests/test_e2e.py::test_pregunta_real_e2e[\xbfCu\xe1nto se distribuy\xf3 en d\xf3lares?]
ERROR tests/test_e2e.py::test_pregunta_real_e2e[\xbfOperamos m\xe1s en pesos o d\xf3lares?]
ERROR tests/test_e2e.py::test_pregunta_real_e2e[\xbfCu\xe1l es el tipo de cambio promedio que ]
ERROR tests/test_e2e.py::test_pregunta_real_e2e[\xbfQu\xe9 \xe1rea factura m\xe1s en d\xf3lares?]
ERROR tests/test_e2e.py::test_pregunta_real_e2e[\xbfCu\xe1nto es todo en d\xf3lares?]
ERROR tests/test_e2e.py::test_pregunta_real_e2e[\xbfQu\xe9 \xe1rea genera m\xe1s ingresos?]
ERROR tests/test_e2e.py::test_pregunta_real_e2e[\xbfCu\xe1nto factura Montevideo vs Mercedes?]
ERROR tests/test_e2e.py::test_pregunta_real_e2e[\xbfQu\xe9 oficina es m\xe1s rentable?]
ERROR tests/test_e2e.py::test_pregunta_real_e2e[\xbfC\xf3mo est\xe1 Mercedes este mes?]
ERROR tests/test_e2e.py::test_pregunta_real_e2e[\xbfCu\xe1nto gast\xf3 Contable?]
ERROR tests/test_e2e.py::test_pregunta_real_e2e[\xbfQu\xe9 \xe1rea tiene m\xe1s gastos?]
ERROR tests/test_e2e.py::test_pregunta_real_e2e[\xbfCu\xe1l es la facturaci\xf3n de cada \xe1rea?]
ERROR tests/test_e2e.py::TestMetricasPrecision::test_tasa_respuesta_exitosa
ERROR tests/test_e2e.py::TestMetricasPrecision::test_metadata_presente_en_exitosas
ERROR tests/test_e2e.py::TestMetricasPrecision::test_tiempo_respuesta_razonable
ERROR tests/test_integration_real.py::TestOperacionesIntegration::test_crear_ingreso_completo
ERROR tests/test_integration_real.py::TestOperacionesIntegration::test_crear_gasto_completo
ERROR tests/test_integration_real.py::TestOperacionesIntegration::test_crear_retiro_completo
ERROR tests/test_integration_real.py::TestOperacionesIntegration::test_operacion_calcula_monto_usd_correctamente
ERROR tests/test_integration_real.py::TestOperacionesIntegration::test_listar_operaciones_con_filtros
ERROR tests/test_integration_real.py::TestCFOAIIntegration::test_pregunta_simple_retorna_respuesta
ERROR tests/test_integration_real.py::TestCFOAIIntegration::test_pregunta_genera_sql_valido
ERROR tests/test_integration_real.py::TestDatosConsistencia::test_soft_delete_operacion
ERROR tests/test_integration_real.py::TestDatosConsistencia::test_relacion_operacion_area
ERROR tests/test_operacion_service.py::TestCrearOperacionBase::test_crear_operacion_base_ingreso
ERROR tests/test_operacion_service.py::TestCrearOperacionBase::test_crear_operacion_base_gasto
ERROR tests/test_operacion_service.py::TestCrearOperacionBase::test_crear_operacion_base_localidad_normalizada
ERROR tests/test_operacion_service.py::TestCrearIngreso::test_crear_ingreso_uyu
ERROR tests/test_operacion_service.py::TestCrearIngreso::test_crear_ingreso_usd
ERROR tests/test_operacion_service.py::TestCrearGasto::test_crear_gasto_uyu
ERROR tests/test_operacion_service.py::TestCrearGasto::test_crear_gasto_usd
ERROR tests/test_operacion_service.py::TestCrearDistribucion::test_crear_distribucion_5_socios_completa
ERROR tests/test_operacion_service.py::TestCrearDistribucion::test_crear_distribucion_parcial_3_socios
ERROR tests/test_operacion_service.py::TestCrearDistribucion::test_crear_distribucion_detecta_moneda_original
ERROR tests/test_operacion_service.py::TestCrearDistribucion::test_crear_distribucion_no_requiere_area
ERROR tests/test_operacion_service.py::TestCrearDistribucion::test_crear_distribucion_porcentaje_20
ERROR tests/test_operacion_service.py::TestCasosEdge::test_crear_ingreso_sin_cliente
ERROR tests/test_operacion_service.py::TestFiltrosPorLocalidadArea::test_crear_operaciones_diferentes_localidades
= 75 failed, 398 passed, 8 xfailed, 3 xpassed, 21 warnings, 76 errors in 78.28s (0:01:18) =
